#
# A fatal error has been detected by the Java Runtime Environment:
#
#  EXCEPTION_ACCESS_VIOLATION (0xc0000005) at pc=0x00007ffd5a837bb0, pid=30968, tid=26572
#
# JRE version: OpenJDK Runtime Environment (11.0.11+9) (build 11.0.11+9-b60-7590822)
# Java VM: OpenJDK 64-Bit Server VM (11.0.11+9-b60-7590822, mixed mode, tiered, compressed oops, g1 gc, windows-amd64)
# Problematic frame:
# V  [jvm.dll+0x197bb0]
#
# No core dump will be written. Minidumps are not enabled by default on client versions of Windows
#
# If you would like to submit a bug report, please visit:
#   https://bugreport.java.com/bugreport/crash.jsp
#

---------------  S U M M A R Y ------------

Command Line: --add-opens=java.base/java.util=ALL-UNNAMED --add-opens=java.base/java.lang=ALL-UNNAMED --add-opens=java.base/java.lang.invoke=ALL-UNNAMED --add-opens=java.base/java.util=ALL-UNNAMED --add-opens=java.prefs/java.util.prefs=ALL-UNNAMED --add-opens=java.prefs/java.util.prefs=ALL-UNNAMED --add-opens=java.base/java.nio.charset=ALL-UNNAMED --add-opens=java.base/java.net=ALL-UNNAMED --add-opens=java.base/java.util.concurrent.atomic=ALL-UNNAMED -Xmx2048m -Dfile.encoding=UTF-8 -Duser.country=KR -Duser.language=ko -Duser.variant org.gradle.launcher.daemon.bootstrap.GradleDaemon 7.0.2

Host: AMD Ryzen 5 5600X 6-Core Processor             , 12 cores, 15G,  Windows 10 , 64 bit Build 19041 (10.0.19041.1202)
Time: Thu Nov 11 13:46:18 2021 대한민국 표준시 elapsed time: 2531.887444 seconds (0d 0h 42m 11s)

---------------  T H R E A D  ---------------

Current thread (0x000001886dea9800):  JavaThread "C2 CompilerThread2" daemon [_thread_in_native, id=26572, stack(0x00000036a0500000,0x00000036a0600000)]


Current CompileTask:
C2:2531887 21712 %     4       com.android.tools.r8.ir.regalloc.a::a @ 1405 (3985 bytes)

Stack: [0x00000036a0500000,0x00000036a0600000],  sp=0x00000036a05fb340,  free space=1004k
Native frames: (J=compiled Java code, j=interpreted, Vv=VM code, C=native code)
V  [jvm.dll+0x197bb0]
V  [jvm.dll+0x2bd129]
V  [jvm.dll+0x2bf1b9]
V  [jvm.dll+0x2bd344]
V  [jvm.dll+0x2c0a62]
V  [jvm.dll+0x2bc417]
V  [jvm.dll+0x2bc8fc]
V  [jvm.dll+0x1fd505]
V  [jvm.dll+0x1fb35f]
V  [jvm.dll+0x183d6c]
V  [jvm.dll+0x209a57]
V  [jvm.dll+0x2082a1]
V  [jvm.dll+0x6ef58f]
V  [jvm.dll+0x6e80b5]
V  [jvm.dll+0x5f1036]
C  [ucrtbase.dll+0x21bb2]
C  [KERNEL32.DLL+0x17034]
C  [ntdll.dll+0x52651]


siginfo: EXCEPTION_ACCESS_VIOLATION (0xc0000005), reading address 0xffffffffffffffff


Register to memory mapping:

RIP=0x00007ffd5a837bb0 jvm.dll
RAX=0x000001887ab3ad90 points into unknown readable memory: 0x000001887ab3a121 | 21 a1 b3 7a 88 01 00 00
RBX=0x0 is NULL
RCX=0x0000000000000003 is an unknown value
RDX=0x00000036a05fc4d0 is pointing into the stack for thread: 0x000001886dea9800
RSP=0x00000036a05fb340 is pointing into the stack for thread: 0x000001886dea9800
RBP=0x000001887ab3ad38 points into unknown readable memory: 0x00007ffd5ae87eb0 | b0 7e e8 5a fd 7f 00 00
RSI=0x000001886a974808 points into unknown readable memory: 0x00007ffd5af211d0 | d0 11 f2 5a fd 7f 00 00
RDI=0x0000000000000002 is an unknown value
R8 =0x0 is NULL
R9 =0x000001887ab3a121 points into unknown readable memory: 7d e8 5a fd 7f 00 00
R10=0x0 is NULL
R11=0x000001887ab3ad98 points into unknown readable memory: 0x000001887ab3a440 | 40 a4 b3 7a 88 01 00 00
R12=0x0 is NULL
R13=0xffffffffffffffff is an unknown value
R14=0x00000036a05fc4d0 is pointing into the stack for thread: 0x000001886dea9800
R15=0x77fffe790dc70611 is an unknown value


Registers:
RAX=0x000001887ab3ad90, RBX=0x0000000000000000, RCX=0x0000000000000003, RDX=0x00000036a05fc4d0
RSP=0x00000036a05fb340, RBP=0x000001887ab3ad38, RSI=0x000001886a974808, RDI=0x0000000000000002
R8 =0x0000000000000000, R9 =0x000001887ab3a121, R10=0x0000000000000000, R11=0x000001887ab3ad98
R12=0x0000000000000000, R13=0xffffffffffffffff, R14=0x00000036a05fc4d0, R15=0x77fffe790dc70611
RIP=0x00007ffd5a837bb0, EFLAGS=0x0000000000010286

Top of Stack: (sp=0x00000036a05fb340)
0x00000036a05fb340:   0000000000000001 0000018877778cb0
0x00000036a05fb350:   0000000000000049 00000036a05fb570
0x00000036a05fb360:   00000036a05fb3c0 00007ffd5a95d129
0x00000036a05fb370:   000001887ab3ad38 00000036a05fb570
0x00000036a05fb380:   000001887ab3ad38 0000018876efe270
0x00000036a05fb390:   000001887ab3ad38 00000036a05fe610
0x00000036a05fb3a0:   00000188732a5c38 00000036a05fc4d0
0x00000036a05fb3b0:   000001887ab3ad38 00000188777be170
0x00000036a05fb3c0:   000001886e45e340 0000018876efe270
0x00000036a05fb3d0:   00000036a05fb439 00007ffd5a95f1b9
0x00000036a05fb3e0:   0000018877778cb0 000001886e45e301
0x00000036a05fb3f0:   0000018800000049 0000000000000000
0x00000036a05fb400:   00000036a05fb4a0 0000000000000004
0x00000036a05fb410:   00000036a05fe610 0000000200000000
0x00000036a05fb420:   0000000000000000 0000018800000014
0x00000036a05fb430:   000001886a9d8670 0000000200000000 

Instructions: (pc=0x00007ffd5a837bb0)
0x00007ffd5a837ab0:   ba 08 00 00 00 44 8d 42 f9 0f 1f 80 00 00 00 00
0x00007ffd5a837ac0:   4a 8b 1c 0a 48 85 db 74 2f 80 7b 2c 80 75 29 49
0x00007ffd5a837ad0:   8b 43 08 48 8b 0c 02 83 79 20 01 75 1b b8 03 00
0x00007ffd5a837ae0:   00 00 41 2b c0 49 8b 0c c1 48 85 c9 74 0a 48 8b
0x00007ffd5a837af0:   43 08 48 3b 48 10 74 1f 41 ff c0 48 83 c2 08 41
0x00007ffd5a837b00:   83 f8 03 72 bb 32 c0 48 8b 5c 24 30 48 8b 74 24
0x00007ffd5a837b10:   38 48 83 c4 20 5f c3 48 8b 06 48 8b ce ff 50 28
0x00007ffd5a837b20:   4c 8b c3 48 8b d7 48 8b c8 e8 c2 0f f3 ff 48 8b
0x00007ffd5a837b30:   5c 24 30 b0 01 48 8b 74 24 38 48 83 c4 20 5f c3
0x00007ffd5a837b40:   40 55 41 54 41 56 48 83 ec 10 48 8b 41 08 45 0f
0x00007ffd5a837b50:   b6 e0 4c 8b f2 48 8b e9 4c 8b 08 4d 85 c9 75 0e
0x00007ffd5a837b60:   48 8b 40 08 48 83 c4 10 41 5e 41 5c 5d c3 8b 49
0x00007ffd5a837b70:   18 48 89 5c 24 30 33 db 44 8b d3 83 f9 01 0f 86
0x00007ffd5a837b80:   ff 00 00 00 48 89 74 24 38 4c 8d 58 08 48 8b 35
0x00007ffd5a837b90:   64 87 89 00 48 89 7c 24 40 8d 79 ff 4c 89 6c 24
0x00007ffd5a837ba0:   08 4c 89 3c 24 4d 8b 79 08 4c 2b f8 49 83 cd ff
0x00007ffd5a837bb0:   4b 8b 04 1f 48 85 c0 0f 84 86 00 00 00 4d 8b 4e
0x00007ffd5a837bc0:   50 8b 40 28 49 39 34 c1 74 79 49 8b 03 48 85 c0
0x00007ffd5a837bd0:   74 71 45 84 e4 74 48 83 78 18 02 75 42 8b 48 2c
0x00007ffd5a837be0:   83 e1 1f 80 f9 14 75 37 48 8b 48 08 4c 8b 41 08
0x00007ffd5a837bf0:   41 8b 48 28 49 8b 14 c9 48 8b cb 83 7a 10 10 48
0x00007ffd5a837c00:   0f 44 ca 48 85 c9 74 12 8b 48 28 49 8b 14 c9 8b
0x00007ffd5a837c10:   4a 10 83 e9 11 83 f9 02 76 05 49 8b c0 eb b8 48
0x00007ffd5a837c20:   85 c0 74 1f 48 3b c5 74 1a 8b 48 28 49 39 34 c9
0x00007ffd5a837c30:   74 11 4d 85 d2 75 05 4c 8b d0 eb 07 4c 3b d0 4d
0x00007ffd5a837c40:   0f 45 d5 49 83 c3 08 48 83 ef 01 0f 85 5f ff ff
0x00007ffd5a837c50:   ff 4c 8b 3c 24 4c 8b 6c 24 08 48 8b 7c 24 40 48
0x00007ffd5a837c60:   8b 74 24 38 4d 85 d2 74 1a 49 83 fa ff 49 0f 45
0x00007ffd5a837c70:   da 48 8b c3 48 8b 5c 24 30 48 83 c4 10 41 5e 41
0x00007ffd5a837c80:   5c 5d c3 49 8b 46 10 48 8b 5c 24 30 48 8b 80 40
0x00007ffd5a837c90:   02 00 00 48 83 c4 10 41 5e 41 5c 5d c3 cc cc cc
0x00007ffd5a837ca0:   48 89 5c 24 08 48 89 6c 24 10 48 89 74 24 18 48 


Stack slot to memory mapping:
stack at sp + 0 slots: 0x0000000000000001 is an unknown value
stack at sp + 1 slots: 0x0000018877778cb0 points into unknown readable memory: 0x00003e1800003e18 | 18 3e 00 00 18 3e 00 00
stack at sp + 2 slots: 0x0000000000000049 is an unknown value
stack at sp + 3 slots: 0x00000036a05fb570 is pointing into the stack for thread: 0x000001886dea9800
stack at sp + 4 slots: 0x00000036a05fb3c0 is pointing into the stack for thread: 0x000001886dea9800
stack at sp + 5 slots: 0x00007ffd5a95d129 jvm.dll
stack at sp + 6 slots: 0x000001887ab3ad38 points into unknown readable memory: 0x00007ffd5ae87eb0 | b0 7e e8 5a fd 7f 00 00
stack at sp + 7 slots: 0x00000036a05fb570 is pointing into the stack for thread: 0x000001886dea9800


---------------  P R O C E S S  ---------------

Threads class SMR info:
_java_thread_list=0x0000018874ee2060, length=83, elements={
0x000001884efce000, 0x000001886a8ba000, 0x000001886a8c5000, 0x000001886a92c800,
0x000001886a92e000, 0x000001886a931000, 0x000001886a93e000, 0x000001886a942800,
0x000001886a954000, 0x000001886aac6000, 0x000001886c0b1800, 0x000001886c887800,
0x000001886ca56800, 0x000001886d217800, 0x000001886d216000, 0x000001886d216800,
0x000001886d218800, 0x000001886d21a800, 0x000001886d215000, 0x000001886d21b800,
0x000001886d546000, 0x000001886d547000, 0x000001886d54a000, 0x000001886d544800,
0x000001886d54b000, 0x000001886d548800, 0x000001886d547800, 0x000001886d545000,
0x000001886d54c000, 0x000001886d54d800, 0x000001886d552800, 0x000001886d54f000,
0x000001886dea2000, 0x000001886de9e000, 0x000001886dea3000, 0x000001886de9f000,
0x000001886de9d800, 0x000001886dea1800, 0x000001886dea4000, 0x000001886de9f800,
0x000001886deaa800, 0x000001886dea6800, 0x000001886dea7000, 0x000001886dea8000,
0x000001886dea4800, 0x000001886deab000, 0x000001886dea8800, 0x000001886dea9800,
0x000001886deac000, 0x000001886d54e000, 0x000001886d54c800, 0x000001886d549800,
0x000001886d553000, 0x000001886d219000, 0x000001886d21a000, 0x00000188706c2800,
0x00000188706c4000, 0x00000188706bf800, 0x00000188706c1000, 0x00000188706c5000,
0x00000188706c3800, 0x00000188706c1800, 0x00000188706c6000, 0x00000188706c0000,
0x000001886ccfb000, 0x000001886ccff000, 0x000001886ccfd800, 0x000001886ccfa000,
0x000001886ccfb800, 0x000001886ccfe000, 0x000001886ccfc800, 0x000001886cd00000,
0x000001886cd00800, 0x000001886dde1800, 0x000001886dddf000, 0x000001886ddde000,
0x000001886dde0800, 0x000001886dde0000, 0x000001886dde3000, 0x000001886dde2800,
0x000001886dddd800, 0x000001886dde9800, 0x000001886dde9000
}

Java Threads: ( => current thread )
  0x000001884efce000 JavaThread "main" [_thread_blocked, id=15444, stack(0x000000369ca00000,0x000000369cb00000)]
  0x000001886a8ba000 JavaThread "Reference Handler" daemon [_thread_blocked, id=30508, stack(0x000000369d100000,0x000000369d200000)]
  0x000001886a8c5000 JavaThread "Finalizer" daemon [_thread_blocked, id=16488, stack(0x000000369d200000,0x000000369d300000)]
  0x000001886a92c800 JavaThread "Signal Dispatcher" daemon [_thread_blocked, id=14532, stack(0x000000369d300000,0x000000369d400000)]
  0x000001886a92e000 JavaThread "Attach Listener" daemon [_thread_blocked, id=37544, stack(0x000000369d400000,0x000000369d500000)]
  0x000001886a931000 JavaThread "Service Thread" daemon [_thread_blocked, id=20824, stack(0x000000369d500000,0x000000369d600000)]
  0x000001886a93e000 JavaThread "C2 CompilerThread0" daemon [_thread_in_native, id=29856, stack(0x000000369d600000,0x000000369d700000)]
  0x000001886a942800 JavaThread "C1 CompilerThread0" daemon [_thread_blocked, id=24680, stack(0x000000369d700000,0x000000369d800000)]
  0x000001886a954000 JavaThread "Sweeper thread" daemon [_thread_blocked, id=14352, stack(0x000000369d800000,0x000000369d900000)]
  0x000001886aac6000 JavaThread "Common-Cleaner" daemon [_thread_blocked, id=15252, stack(0x000000369d900000,0x000000369da00000)]
  0x000001886c0b1800 JavaThread "Daemon health stats" [_thread_blocked, id=21648, stack(0x000000369e200000,0x000000369e300000)]
  0x000001886c887800 JavaThread "Incoming local TCP Connector on port 55144" [_thread_in_native, id=36728, stack(0x000000369e300000,0x000000369e400000)]
  0x000001886ca56800 JavaThread "Daemon periodic checks" [_thread_blocked, id=17400, stack(0x000000369e400000,0x000000369e500000)]
  0x000001886d217800 JavaThread "Cache worker for file hash cache (C:\Users\96jos\.gradle\caches\7.0.2\fileHashes)" [_thread_blocked, id=2696, stack(0x000000369ec00000,0x000000369ed00000)]
  0x000001886d216000 JavaThread "File lock request listener" [_thread_in_native, id=16996, stack(0x000000369ed00000,0x000000369ee00000)]
  0x000001886d216800 JavaThread "Cache worker for journal cache (C:\Users\96jos\.gradle\caches\journal-1)" [_thread_blocked, id=24208, stack(0x000000369f400000,0x000000369f500000)]
  0x000001886d218800 JavaThread "File watcher server" daemon [_thread_in_native, id=37860, stack(0x000000369f600000,0x000000369f700000)]
  0x000001886d21a800 JavaThread "File watcher consumer" daemon [_thread_blocked, id=19900, stack(0x000000369f700000,0x000000369f800000)]
  0x000001886d215000 JavaThread "jar transforms" [_thread_blocked, id=32804, stack(0x000000369f800000,0x000000369f900000)]
  0x000001886d21b800 JavaThread "jar transforms Thread 2" [_thread_blocked, id=24788, stack(0x000000369f900000,0x000000369fa00000)]
  0x000001886d546000 JavaThread "jar transforms Thread 3" [_thread_blocked, id=34136, stack(0x000000369fa00000,0x000000369fb00000)]
  0x000001886d547000 JavaThread "jar transforms Thread 4" [_thread_blocked, id=25740, stack(0x000000369fb00000,0x000000369fc00000)]
  0x000001886d54a000 JavaThread "jar transforms Thread 5" [_thread_blocked, id=35604, stack(0x000000369fc00000,0x000000369fd00000)]
  0x000001886d544800 JavaThread "jar transforms Thread 6" [_thread_blocked, id=4320, stack(0x000000369fd00000,0x000000369fe00000)]
  0x000001886d54b000 JavaThread "jar transforms Thread 7" [_thread_blocked, id=31604, stack(0x000000369fe00000,0x000000369ff00000)]
  0x000001886d548800 JavaThread "jar transforms Thread 8" [_thread_blocked, id=2384, stack(0x000000369ff00000,0x00000036a0000000)]
  0x000001886d547800 JavaThread "jar transforms Thread 9" [_thread_blocked, id=1760, stack(0x00000036a0000000,0x00000036a0100000)]
  0x000001886d545000 JavaThread "jar transforms Thread 10" [_thread_blocked, id=13388, stack(0x00000036a0100000,0x00000036a0200000)]
  0x000001886d54c000 JavaThread "jar transforms Thread 11" [_thread_blocked, id=27416, stack(0x00000036a0200000,0x00000036a0300000)]
  0x000001886d54d800 JavaThread "jar transforms Thread 12" [_thread_blocked, id=18800, stack(0x00000036a0300000,0x00000036a0400000)]
  0x000001886d552800 JavaThread "Cache worker for execution history cache (C:\Users\96jos\.gradle\caches\7.0.2\executionHistory)" [_thread_blocked, id=36532, stack(0x00000036a0700000,0x00000036a0800000)]
  0x000001886d54f000 JavaThread "Cache worker for file content cache (C:\Users\96jos\.gradle\caches\7.0.2\fileContent)" [_thread_blocked, id=5060, stack(0x00000036a0800000,0x00000036a0900000)]
  0x000001886dea2000 JavaThread "Memory manager" [_thread_blocked, id=21324, stack(0x00000036a1800000,0x00000036a1900000)]
  0x000001886de9e000 JavaThread "Daemon Thread 2" [_thread_blocked, id=33224, stack(0x000000369c700000,0x000000369c800000)]
  0x000001886dea3000 JavaThread "Handler for socket connection from /127.0.0.1:55144 to /127.0.0.1:57475" [_thread_in_native, id=22424, stack(0x000000369c800000,0x000000369c900000)]
  0x000001886de9f000 JavaThread "Cancel handler" [_thread_blocked, id=29132, stack(0x000000369c900000,0x000000369ca00000)]
  0x000001886de9d800 JavaThread "Daemon worker Thread 2" [_thread_blocked, id=35580, stack(0x000000369db00000,0x000000369dc00000)]
  0x000001886dea1800 JavaThread "Asynchronous log dispatcher for DefaultDaemonConnection: socket connection from /127.0.0.1:55144 to /127.0.0.1:57475" [_thread_blocked, id=28344, stack(0x000000369dc00000,0x000000369dd00000)]
  0x000001886dea4000 JavaThread "Stdin handler" [_thread_blocked, id=21940, stack(0x000000369e500000,0x000000369e600000)]
  0x000001886de9f800 JavaThread "Daemon client event forwarder" [_thread_blocked, id=27500, stack(0x000000369e600000,0x000000369e700000)]
  0x000001886deaa800 JavaThread "Cache worker for file hash cache (C:\Users\96jos\AndroidStudioProjects\Android-Junghoon\SoptAssignment1\.gradle\7.0.2\fileHashes)" [_thread_blocked, id=24180, stack(0x000000369e700000,0x000000369e800000)]
  0x000001886dea6800 JavaThread "Cache worker for checksums cache (C:\Users\96jos\AndroidStudioProjects\Android-Junghoon\SoptAssignment1\.gradle\checksums)" [_thread_blocked, id=12344, stack(0x000000369e800000,0x000000369e900000)]
  0x000001886dea7000 JavaThread "Cache worker for cache directory md-supplier (C:\Users\96jos\.gradle\caches\7.0.2\md-supplier)" [_thread_blocked, id=21144, stack(0x000000369e900000,0x000000369ea00000)]
  0x000001886dea8000 JavaThread "Cache worker for cache directory md-rule (C:\Users\96jos\.gradle\caches\7.0.2\md-rule)" [_thread_blocked, id=20972, stack(0x000000369ea00000,0x000000369eb00000)]
  0x000001886dea4800 JavaThread "C2 CompilerThread1" daemon [_thread_in_native, id=29112, stack(0x000000369eb00000,0x000000369ec00000)]
  0x000001886deab000 JavaThread "Cache worker for dependencies-accessors (C:\Users\96jos\AndroidStudioProjects\Android-Junghoon\SoptAssignment1\.gradle\7.0.2\dependencies-accessors)" [_thread_blocked, id=26812, stack(0x000000369f500000,0x000000369f600000)]
  0x000001886dea8800 JavaThread "Cache worker for Build Output Cleanup Cache (C:\Users\96jos\AndroidStudioProjects\Android-Junghoon\SoptAssignment1\.gradle\buildOutputCleanup)" [_thread_blocked, id=12900, stack(0x00000036a0400000,0x00000036a0500000)]
=>0x000001886dea9800 JavaThread "C2 CompilerThread2" daemon [_thread_in_native, id=26572, stack(0x00000036a0500000,0x00000036a0600000)]
  0x000001886deac000 JavaThread "Build operations" [_thread_blocked, id=36560, stack(0x00000036a0600000,0x00000036a0700000)]
  0x000001886d54e000 JavaThread "Build operations Thread 2" [_thread_blocked, id=15496, stack(0x00000036a0900000,0x00000036a0a00000)]
  0x000001886d54c800 JavaThread "Build operations Thread 3" [_thread_blocked, id=29692, stack(0x00000036a0a00000,0x00000036a0b00000)]
  0x000001886d549800 JavaThread "Build operations Thread 4" [_thread_blocked, id=24472, stack(0x00000036a0b00000,0x00000036a0c00000)]
  0x000001886d553000 JavaThread "Build operations Thread 5" [_thread_in_Java, id=19640, stack(0x00000036a0c00000,0x00000036a0d00000)]
  0x000001886d219000 JavaThread "Build operations Thread 6" [_thread_blocked, id=13872, stack(0x00000036a0d00000,0x00000036a0e00000)]
  0x000001886d21a000 JavaThread "Build operations Thread 7" [_thread_blocked, id=33160, stack(0x00000036a0e00000,0x00000036a0f00000)]
  0x00000188706c2800 JavaThread "Build operations Thread 8" [_thread_blocked, id=17100, stack(0x00000036a0f00000,0x00000036a1000000)]
  0x00000188706c4000 JavaThread "Build operations Thread 9" [_thread_blocked, id=34808, stack(0x00000036a1000000,0x00000036a1100000)]
  0x00000188706bf800 JavaThread "Build operations Thread 10" [_thread_blocked, id=18820, stack(0x00000036a1100000,0x00000036a1200000)]
  0x00000188706c1000 JavaThread "Build operations Thread 11" [_thread_blocked, id=37192, stack(0x00000036a1200000,0x00000036a1300000)]
  0x00000188706c5000 JavaThread "Build operations Thread 12" [_thread_blocked, id=36092, stack(0x00000036a1300000,0x00000036a1400000)]
  0x00000188706c3800 JavaThread "build event listener" [_thread_blocked, id=30916, stack(0x00000036a1400000,0x00000036a1500000)]
  0x00000188706c1800 JavaThread "Execution worker for ':'" [_thread_blocked, id=26808, stack(0x00000036a1500000,0x00000036a1600000)]
  0x00000188706c6000 JavaThread "Execution worker for ':' Thread 2" [_thread_blocked, id=27552, stack(0x00000036a1600000,0x00000036a1700000)]
  0x00000188706c0000 JavaThread "Execution worker for ':' Thread 3" [_thread_blocked, id=16028, stack(0x00000036a1900000,0x00000036a1a00000)]
  0x000001886ccfb000 JavaThread "Execution worker for ':' Thread 4" [_thread_blocked, id=21904, stack(0x00000036a1a00000,0x00000036a1b00000)]
  0x000001886ccff000 JavaThread "Execution worker for ':' Thread 5" [_thread_blocked, id=15096, stack(0x00000036a1b00000,0x00000036a1c00000)]
  0x000001886ccfd800 JavaThread "Execution worker for ':' Thread 6" [_thread_blocked, id=26092, stack(0x00000036a1c00000,0x00000036a1d00000)]
  0x000001886ccfa000 JavaThread "Execution worker for ':' Thread 7" [_thread_blocked, id=21168, stack(0x00000036a1d00000,0x00000036a1e00000)]
  0x000001886ccfb800 JavaThread "Execution worker for ':' Thread 8" [_thread_blocked, id=20776, stack(0x00000036a1e00000,0x00000036a1f00000)]
  0x000001886ccfe000 JavaThread "Execution worker for ':' Thread 9" [_thread_blocked, id=16968, stack(0x00000036a1f00000,0x00000036a2000000)]
  0x000001886ccfc800 JavaThread "Execution worker for ':' Thread 10" [_thread_blocked, id=26580, stack(0x00000036a2000000,0x00000036a2100000)]
  0x000001886cd00000 JavaThread "Execution worker for ':' Thread 11" [_thread_blocked, id=37040, stack(0x00000036a2100000,0x00000036a2200000)]
  0x000001886cd00800 JavaThread "Cache worker for execution history cache (C:\Users\96jos\AndroidStudioProjects\Android-Junghoon\SoptAssignment1\.gradle\7.0.2\executionHistory)" [_thread_blocked, id=5108, stack(0x00000036a2200000,0x00000036a2300000)]
  0x000001886dde1800 JavaThread "WorkerExecutor Queue" [_thread_blocked, id=19140, stack(0x00000036a2300000,0x00000036a2400000)]
  0x000001886dddf000 JavaThread "WorkerExecutor Queue Thread 2" [_thread_blocked, id=1816, stack(0x00000036a2400000,0x00000036a2500000)]
  0x000001886ddde000 JavaThread "WorkerExecutor Queue Thread 3" [_thread_blocked, id=3560, stack(0x00000036a2500000,0x00000036a2600000)]
  0x000001886dde0800 JavaThread "WorkerExecutor Queue Thread 4" [_thread_blocked, id=30344, stack(0x00000036a2600000,0x00000036a2700000)]
  0x000001886dde0000 JavaThread "WorkerExecutor Queue Thread 5" [_thread_blocked, id=2872, stack(0x00000036a2700000,0x00000036a2800000)]
  0x000001886dde3000 JavaThread "WorkerExecutor Queue Thread 6" [_thread_blocked, id=13916, stack(0x00000036a2800000,0x00000036a2900000)]
  0x000001886dde2800 JavaThread "WorkerExecutor Queue Thread 7" [_thread_blocked, id=18452, stack(0x00000036a2900000,0x00000036a2a00000)]
  0x000001886dddd800 JavaThread "pool-4-thread-1" [_thread_blocked, id=21460, stack(0x00000036a2a00000,0x00000036a2b00000)]
  0x000001886dde9800 JavaThread "stderr" [_thread_in_native, id=1288, stack(0x00000036a2b00000,0x00000036a2c00000)]
  0x000001886dde9000 JavaThread "stdout" [_thread_in_native, id=23624, stack(0x00000036a2c00000,0x00000036a2d00000)]

Other Threads:
  0x000001886a07c000 VMThread "VM Thread" [stack: 0x000000369d000000,0x000000369d100000] [id=20188]
  0x000001886aadf000 WatcherThread [stack: 0x000000369da00000,0x000000369db00000] [id=19912]
  0x000001884efe7000 GCTaskThread "GC Thread#0" [stack: 0x000000369cb00000,0x000000369cc00000] [id=19760]
  0x000001886b77c800 GCTaskThread "GC Thread#1" [stack: 0x000000369dd00000,0x000000369de00000] [id=15736]
  0x000001886b7db000 GCTaskThread "GC Thread#2" [stack: 0x000000369de00000,0x000000369df00000] [id=29004]
  0x000001886b0d6000 GCTaskThread "GC Thread#3" [stack: 0x000000369df00000,0x000000369e000000] [id=2680]
  0x000001886b184800 GCTaskThread "GC Thread#4" [stack: 0x000000369e000000,0x000000369e100000] [id=20724]
  0x000001886b185000 GCTaskThread "GC Thread#5" [stack: 0x000000369e100000,0x000000369e200000] [id=31128]
  0x000001886bfe0000 GCTaskThread "GC Thread#6" [stack: 0x000000369ee00000,0x000000369ef00000] [id=14480]
  0x000001886d33d000 GCTaskThread "GC Thread#7" [stack: 0x000000369ef00000,0x000000369f000000] [id=23560]
  0x000001886c723800 GCTaskThread "GC Thread#8" [stack: 0x000000369f000000,0x000000369f100000] [id=13148]
  0x000001886da8c800 GCTaskThread "GC Thread#9" [stack: 0x000000369f100000,0x000000369f200000] [id=35012]
  0x000001884f018800 ConcurrentGCThread "G1 Main Marker" [stack: 0x000000369cc00000,0x000000369cd00000] [id=35052]
  0x000001884f01a000 ConcurrentGCThread "G1 Conc#0" [stack: 0x000000369cd00000,0x000000369ce00000] [id=26356]
  0x000001886bad6000 ConcurrentGCThread "G1 Conc#1" [stack: 0x000000369f200000,0x000000369f300000] [id=19232]
  0x000001886cc01000 ConcurrentGCThread "G1 Conc#2" [stack: 0x000000369f300000,0x000000369f400000] [id=37792]
  0x0000018869f01800 ConcurrentGCThread "G1 Refine#0" [stack: 0x000000369ce00000,0x000000369cf00000] [id=31180]
  0x000001886e33b000 ConcurrentGCThread "G1 Refine#1" [stack: 0x00000036a1700000,0x00000036a1800000] [id=1412]
  0x0000018874e75800 ConcurrentGCThread "G1 Refine#2" [stack: 0x00000036a2d00000,0x00000036a2e00000] [id=12456]
  0x000001887b332000 ConcurrentGCThread "G1 Refine#3" [stack: 0x00000036a2e00000,0x00000036a2f00000] [id=5232]
  0x0000018869f02800 ConcurrentGCThread "G1 Young RemSet Sampling" [stack: 0x000000369cf00000,0x000000369d000000] [id=24792]

Threads with active compile tasks:
C2 CompilerThread02531934 21738   !   4       com.android.tools.r8.graph.i::a (1446 bytes)
C2 CompilerThread12531935 21711 %     4       com.android.tools.r8.internal.ja::a @ 330 (944 bytes)
C2 CompilerThread22531935 21712 %     4       com.android.tools.r8.ir.regalloc.a::a @ 1405 (3985 bytes)

VM state:not at safepoint (normal execution)

VM Mutex/Monitor currently owned by a thread: None

Heap address: 0x0000000080000000, size: 2048 MB, Compressed Oops mode: 32-bit
Narrow klass base: 0x0000000000000000, Narrow klass shift: 3
Compressed class space size: 1073741824 Address: 0x0000000100000000

Heap:
 garbage-first heap   total 315392K, used 241257K [0x0000000080000000, 0x0000000100000000)
  region size 1024K, 94 young (96256K), 6 survivors (6144K)
 Metaspace       used 138468K, capacity 141752K, committed 141952K, reserved 1173504K
  class space    used 17409K, capacity 18690K, committed 18816K, reserved 1048576K
Heap Regions: E=young(eden), S=young(survivor), O=old, HS=humongous(starts), HC=humongous(continues), CS=collection set, F=free, A=archive, TAMS=top-at-mark-start (previous, next)
|   0|0x0000000080000000, 0x0000000080100000, 0x0000000080100000|100%| O|  |TAMS 0x0000000080100000, 0x0000000080000000| Untracked 
|   1|0x0000000080100000, 0x0000000080200000, 0x0000000080200000|100%| O|  |TAMS 0x0000000080200000, 0x0000000080100000| Untracked 
|   2|0x0000000080200000, 0x0000000080300000, 0x0000000080300000|100%| O|  |TAMS 0x0000000080300000, 0x0000000080200000| Untracked 
|   3|0x0000000080300000, 0x0000000080400000, 0x0000000080400000|100%|HS|  |TAMS 0x0000000080400000, 0x0000000080300000| Complete 
|   4|0x0000000080400000, 0x0000000080500000, 0x0000000080500000|100%|HC|  |TAMS 0x0000000080500000, 0x0000000080400000| Complete 
|   5|0x0000000080500000, 0x0000000080600000, 0x0000000080600000|100%|HC|  |TAMS 0x0000000080600000, 0x0000000080500000| Complete 
|   6|0x0000000080600000, 0x0000000080700000, 0x0000000080700000|100%| O|  |TAMS 0x0000000080700000, 0x0000000080600000| Untracked 
|   7|0x0000000080700000, 0x0000000080800000, 0x0000000080800000|100%| O|  |TAMS 0x0000000080800000, 0x0000000080700000| Untracked 
|   8|0x0000000080800000, 0x0000000080900000, 0x0000000080900000|100%| O|  |TAMS 0x0000000080900000, 0x0000000080800000| Untracked 
|   9|0x0000000080900000, 0x0000000080a00000, 0x0000000080a00000|100%| O|  |TAMS 0x0000000080a00000, 0x0000000080900000| Untracked 
|  10|0x0000000080a00000, 0x0000000080b00000, 0x0000000080b00000|100%| O|  |TAMS 0x0000000080b00000, 0x0000000080a00000| Untracked 
|  11|0x0000000080b00000, 0x0000000080c00000, 0x0000000080c00000|100%| O|  |TAMS 0x0000000080c00000, 0x0000000080b00000| Untracked 
|  12|0x0000000080c00000, 0x0000000080d00000, 0x0000000080d00000|100%| O|  |TAMS 0x0000000080d00000, 0x0000000080c00000| Untracked 
|  13|0x0000000080d00000, 0x0000000080e00000, 0x0000000080e00000|100%| O|  |TAMS 0x0000000080e00000, 0x0000000080d00000| Untracked 
|  14|0x0000000080e00000, 0x0000000080f00000, 0x0000000080f00000|100%| O|  |TAMS 0x0000000080f00000, 0x0000000080e00000| Untracked 
|  15|0x0000000080f00000, 0x0000000081000000, 0x0000000081000000|100%| O|  |TAMS 0x0000000081000000, 0x0000000080f00000| Untracked 
|  16|0x0000000081000000, 0x0000000081100000, 0x0000000081100000|100%| O|  |TAMS 0x0000000081100000, 0x0000000081000000| Untracked 
|  17|0x0000000081100000, 0x0000000081200000, 0x0000000081200000|100%|HS|  |TAMS 0x0000000081200000, 0x0000000081100000| Complete 
|  18|0x0000000081200000, 0x0000000081300000, 0x0000000081300000|100%|HC|  |TAMS 0x0000000081300000, 0x0000000081200000| Complete 
|  19|0x0000000081300000, 0x0000000081400000, 0x0000000081400000|100%|HS|  |TAMS 0x0000000081400000, 0x0000000081300000| Complete 
|  20|0x0000000081400000, 0x0000000081500000, 0x0000000081500000|100%|HC|  |TAMS 0x0000000081500000, 0x0000000081400000| Complete 
|  21|0x0000000081500000, 0x0000000081600000, 0x0000000081600000|100%|HC|  |TAMS 0x0000000081600000, 0x0000000081500000| Complete 
|  22|0x0000000081600000, 0x0000000081700000, 0x0000000081700000|100%|HS|  |TAMS 0x0000000081700000, 0x0000000081600000| Complete 
|  23|0x0000000081700000, 0x0000000081800000, 0x0000000081800000|100%|HC|  |TAMS 0x0000000081800000, 0x0000000081700000| Complete 
|  24|0x0000000081800000, 0x0000000081900000, 0x0000000081900000|100%|HC|  |TAMS 0x0000000081900000, 0x0000000081800000| Complete 
|  25|0x0000000081900000, 0x0000000081a00000, 0x0000000081a00000|100%|HC|  |TAMS 0x0000000081a00000, 0x0000000081900000| Complete 
|  26|0x0000000081a00000, 0x0000000081b00000, 0x0000000081b00000|100%|HS|  |TAMS 0x0000000081b00000, 0x0000000081a00000| Complete 
|  27|0x0000000081b00000, 0x0000000081c00000, 0x0000000081c00000|100%|HC|  |TAMS 0x0000000081c00000, 0x0000000081b00000| Complete 
|  28|0x0000000081c00000, 0x0000000081d00000, 0x0000000081d00000|100%|HC|  |TAMS 0x0000000081d00000, 0x0000000081c00000| Complete 
|  29|0x0000000081d00000, 0x0000000081e00000, 0x0000000081e00000|100%| O|  |TAMS 0x0000000081e00000, 0x0000000081d00000| Untracked 
|  30|0x0000000081e00000, 0x0000000081f00000, 0x0000000081f00000|100%| O|  |TAMS 0x0000000081f00000, 0x0000000081e00000| Untracked 
|  31|0x0000000081f00000, 0x0000000082000000, 0x0000000082000000|100%| O|  |TAMS 0x0000000082000000, 0x0000000081f00000| Untracked 
|  32|0x0000000082000000, 0x0000000082100000, 0x0000000082100000|100%| O|  |TAMS 0x0000000082100000, 0x0000000082000000| Untracked 
|  33|0x0000000082100000, 0x0000000082200000, 0x0000000082200000|100%| O|  |TAMS 0x0000000082200000, 0x0000000082100000| Untracked 
|  34|0x0000000082200000, 0x0000000082300000, 0x0000000082300000|100%| O|  |TAMS 0x0000000082300000, 0x0000000082200000| Untracked 
|  35|0x0000000082300000, 0x0000000082400000, 0x0000000082400000|100%| O|  |TAMS 0x0000000082400000, 0x0000000082300000| Untracked 
|  36|0x0000000082400000, 0x0000000082500000, 0x0000000082500000|100%| O|  |TAMS 0x0000000082500000, 0x0000000082400000| Untracked 
|  37|0x0000000082500000, 0x0000000082600000, 0x0000000082600000|100%| O|  |TAMS 0x0000000082600000, 0x0000000082500000| Untracked 
|  38|0x0000000082600000, 0x0000000082700000, 0x0000000082700000|100%|HS|  |TAMS 0x0000000082700000, 0x0000000082600000| Complete 
|  39|0x0000000082700000, 0x0000000082800000, 0x0000000082800000|100%|HC|  |TAMS 0x0000000082800000, 0x0000000082700000| Complete 
|  40|0x0000000082800000, 0x0000000082900000, 0x0000000082900000|100%|HC|  |TAMS 0x0000000082900000, 0x0000000082800000| Complete 
|  41|0x0000000082900000, 0x0000000082a00000, 0x0000000082a00000|100%|HC|  |TAMS 0x0000000082a00000, 0x0000000082900000| Complete 
|  42|0x0000000082a00000, 0x0000000082b00000, 0x0000000082b00000|100%|HS|  |TAMS 0x0000000082b00000, 0x0000000082a00000| Complete 
|  43|0x0000000082b00000, 0x0000000082c00000, 0x0000000082c00000|100%|HS|  |TAMS 0x0000000082c00000, 0x0000000082b00000| Complete 
|  44|0x0000000082c00000, 0x0000000082d00000, 0x0000000082d00000|100%|HS|  |TAMS 0x0000000082d00000, 0x0000000082c00000| Complete 
|  45|0x0000000082d00000, 0x0000000082e00000, 0x0000000082e00000|100%|HS|  |TAMS 0x0000000082e00000, 0x0000000082d00000| Complete 
|  46|0x0000000082e00000, 0x0000000082f00000, 0x0000000082f00000|100%|HC|  |TAMS 0x0000000082f00000, 0x0000000082e00000| Complete 
|  47|0x0000000082f00000, 0x0000000083000000, 0x0000000083000000|100%|HC|  |TAMS 0x0000000083000000, 0x0000000082f00000| Complete 
|  48|0x0000000083000000, 0x0000000083100000, 0x0000000083100000|100%|HS|  |TAMS 0x0000000083100000, 0x0000000083000000| Complete 
|  49|0x0000000083100000, 0x0000000083200000, 0x0000000083200000|100%|HC|  |TAMS 0x0000000083200000, 0x0000000083100000| Complete 
|  50|0x0000000083200000, 0x0000000083300000, 0x0000000083300000|100%| O|  |TAMS 0x0000000083300000, 0x0000000083200000| Untracked 
|  51|0x0000000083300000, 0x0000000083400000, 0x0000000083400000|100%| O|  |TAMS 0x0000000083400000, 0x0000000083300000| Untracked 
|  52|0x0000000083400000, 0x0000000083500000, 0x0000000083500000|100%| O|  |TAMS 0x0000000083500000, 0x0000000083400000| Untracked 
|  53|0x0000000083500000, 0x0000000083600000, 0x0000000083600000|100%| O|  |TAMS 0x0000000083600000, 0x0000000083500000| Untracked 
|  54|0x0000000083600000, 0x0000000083700000, 0x0000000083700000|100%| O|  |TAMS 0x0000000083700000, 0x0000000083600000| Untracked 
|  55|0x0000000083700000, 0x0000000083800000, 0x0000000083800000|100%| O|  |TAMS 0x0000000083800000, 0x0000000083700000| Untracked 
|  56|0x0000000083800000, 0x0000000083900000, 0x0000000083900000|100%| O|  |TAMS 0x0000000083900000, 0x0000000083800000| Untracked 
|  57|0x0000000083900000, 0x0000000083a00000, 0x0000000083a00000|100%| O|  |TAMS 0x0000000083a00000, 0x0000000083900000| Untracked 
|  58|0x0000000083a00000, 0x0000000083a00000, 0x0000000083b00000|  0%| F|  |TAMS 0x0000000083a00000, 0x0000000083a00000| Untracked 
|  59|0x0000000083b00000, 0x0000000083c00000, 0x0000000083c00000|100%| O|  |TAMS 0x0000000083c00000, 0x0000000083b00000| Untracked 
|  60|0x0000000083c00000, 0x0000000083d00000, 0x0000000083d00000|100%| O|  |TAMS 0x0000000083d00000, 0x0000000083c00000| Untracked 
|  61|0x0000000083d00000, 0x0000000083e00000, 0x0000000083e00000|100%| O|  |TAMS 0x0000000083e00000, 0x0000000083d00000| Untracked 
|  62|0x0000000083e00000, 0x0000000083f00000, 0x0000000083f00000|100%| O|  |TAMS 0x0000000083f00000, 0x0000000083e00000| Untracked 
|  63|0x0000000083f00000, 0x0000000084000000, 0x0000000084000000|100%| O|  |TAMS 0x0000000084000000, 0x0000000083f00000| Untracked 
|  64|0x0000000084000000, 0x0000000084100000, 0x0000000084100000|100%| O|  |TAMS 0x0000000084100000, 0x0000000084000000| Untracked 
|  65|0x0000000084100000, 0x0000000084200000, 0x0000000084200000|100%| O|  |TAMS 0x0000000084200000, 0x0000000084100000| Untracked 
|  66|0x0000000084200000, 0x0000000084300000, 0x0000000084300000|100%| O|  |TAMS 0x0000000084300000, 0x0000000084200000| Untracked 
|  67|0x0000000084300000, 0x0000000084300000, 0x0000000084400000|  0%| F|  |TAMS 0x0000000084300000, 0x0000000084300000| Untracked 
|  68|0x0000000084400000, 0x0000000084500000, 0x0000000084500000|100%| O|  |TAMS 0x0000000084500000, 0x0000000084400000| Untracked 
|  69|0x0000000084500000, 0x0000000084600000, 0x0000000084600000|100%| O|  |TAMS 0x0000000084600000, 0x0000000084500000| Untracked 
|  70|0x0000000084600000, 0x0000000084700000, 0x0000000084700000|100%| O|  |TAMS 0x0000000084700000, 0x0000000084600000| Untracked 
|  71|0x0000000084700000, 0x0000000084800000, 0x0000000084800000|100%| O|  |TAMS 0x0000000084800000, 0x0000000084700000| Untracked 
|  72|0x0000000084800000, 0x0000000084900000, 0x0000000084900000|100%| O|  |TAMS 0x0000000084900000, 0x0000000084800000| Untracked 
|  73|0x0000000084900000, 0x0000000084a00000, 0x0000000084a00000|100%| O|  |TAMS 0x0000000084a00000, 0x0000000084900000| Untracked 
|  74|0x0000000084a00000, 0x0000000084b00000, 0x0000000084b00000|100%| O|  |TAMS 0x0000000084b00000, 0x0000000084a00000| Untracked 
|  75|0x0000000084b00000, 0x0000000084c00000, 0x0000000084c00000|100%| O|  |TAMS 0x0000000084c00000, 0x0000000084b00000| Untracked 
|  76|0x0000000084c00000, 0x0000000084d00000, 0x0000000084d00000|100%| O|  |TAMS 0x0000000084d00000, 0x0000000084c00000| Untracked 
|  77|0x0000000084d00000, 0x0000000084e00000, 0x0000000084e00000|100%|HS|  |TAMS 0x0000000084e00000, 0x0000000084d00000| Complete 
|  78|0x0000000084e00000, 0x0000000084f00000, 0x0000000084f00000|100%|HC|  |TAMS 0x0000000084f00000, 0x0000000084e00000| Complete 
|  79|0x0000000084f00000, 0x0000000085000000, 0x0000000085000000|100%|HS|  |TAMS 0x0000000085000000, 0x0000000084f00000| Complete 
|  80|0x0000000085000000, 0x0000000085100000, 0x0000000085100000|100%|HC|  |TAMS 0x0000000085100000, 0x0000000085000000| Complete 
|  81|0x0000000085100000, 0x0000000085200000, 0x0000000085200000|100%|HC|  |TAMS 0x0000000085200000, 0x0000000085100000| Complete 
|  82|0x0000000085200000, 0x0000000085300000, 0x0000000085300000|100%|HS|  |TAMS 0x0000000085300000, 0x0000000085200000| Complete 
|  83|0x0000000085300000, 0x0000000085400000, 0x0000000085400000|100%|HC|  |TAMS 0x0000000085400000, 0x0000000085300000| Complete 
|  84|0x0000000085400000, 0x0000000085500000, 0x0000000085500000|100%|HC|  |TAMS 0x0000000085500000, 0x0000000085400000| Complete 
|  85|0x0000000085500000, 0x0000000085600000, 0x0000000085600000|100%|HC|  |TAMS 0x0000000085600000, 0x0000000085500000| Complete 
|  86|0x0000000085600000, 0x0000000085700000, 0x0000000085700000|100%| O|  |TAMS 0x0000000085700000, 0x0000000085600000| Untracked 
|  87|0x0000000085700000, 0x0000000085800000, 0x0000000085800000|100%| O|  |TAMS 0x0000000085800000, 0x0000000085700000| Untracked 
|  88|0x0000000085800000, 0x0000000085900000, 0x0000000085900000|100%| O|  |TAMS 0x0000000085800000, 0x0000000085800000| Untracked 
|  89|0x0000000085900000, 0x0000000085a00000, 0x0000000085a00000|100%| O|  |TAMS 0x0000000085a00000, 0x0000000085900000| Untracked 
|  90|0x0000000085a00000, 0x0000000085b00000, 0x0000000085b00000|100%| O|  |TAMS 0x0000000085b00000, 0x0000000085a00000| Untracked 
|  91|0x0000000085b00000, 0x0000000085c00000, 0x0000000085c00000|100%| O|  |TAMS 0x0000000085c00000, 0x0000000085b00000| Untracked 
|  92|0x0000000085c00000, 0x0000000085d00000, 0x0000000085d00000|100%| O|  |TAMS 0x0000000085d00000, 0x0000000085c00000| Untracked 
|  93|0x0000000085d00000, 0x0000000085e00000, 0x0000000085e00000|100%| O|  |TAMS 0x0000000085e00000, 0x0000000085d00000| Untracked 
|  94|0x0000000085e00000, 0x0000000085f00000, 0x0000000085f00000|100%| O|  |TAMS 0x0000000085f00000, 0x0000000085e00000| Untracked 
|  95|0x0000000085f00000, 0x0000000086000000, 0x0000000086000000|100%| O|  |TAMS 0x0000000086000000, 0x0000000085f00000| Untracked 
|  96|0x0000000086000000, 0x0000000086100000, 0x0000000086100000|100%| O|  |TAMS 0x0000000086100000, 0x0000000086000000| Untracked 
|  97|0x0000000086100000, 0x0000000086200000, 0x0000000086200000|100%| O|  |TAMS 0x0000000086200000, 0x0000000086100000| Untracked 
|  98|0x0000000086200000, 0x0000000086300000, 0x0000000086300000|100%| O|  |TAMS 0x0000000086300000, 0x0000000086200000| Untracked 
|  99|0x0000000086300000, 0x0000000086300000, 0x0000000086400000|  0%| F|  |TAMS 0x0000000086300000, 0x0000000086300000| Untracked 
| 100|0x0000000086400000, 0x0000000086500000, 0x0000000086500000|100%| O|  |TAMS 0x00000000864c8e00, 0x0000000086400000| Untracked 
| 101|0x0000000086500000, 0x0000000086600000, 0x0000000086600000|100%| O|  |TAMS 0x0000000086500000, 0x0000000086500000| Untracked 
| 102|0x0000000086600000, 0x0000000086700000, 0x0000000086700000|100%| O|  |TAMS 0x0000000086700000, 0x0000000086600000| Untracked 
| 103|0x0000000086700000, 0x0000000086800000, 0x0000000086800000|100%| O|  |TAMS 0x0000000086700000, 0x0000000086700000| Untracked 
| 104|0x0000000086800000, 0x0000000086843000, 0x0000000086900000| 26%| O|  |TAMS 0x0000000086800000, 0x0000000086800000| Untracked 
| 105|0x0000000086900000, 0x0000000086900000, 0x0000000086a00000|  0%| F|  |TAMS 0x0000000086900000, 0x0000000086900000| Untracked 
| 106|0x0000000086a00000, 0x0000000086a00000, 0x0000000086b00000|  0%| F|  |TAMS 0x0000000086a00000, 0x0000000086a00000| Untracked 
| 107|0x0000000086b00000, 0x0000000086b00000, 0x0000000086c00000|  0%| F|  |TAMS 0x0000000086b00000, 0x0000000086b00000| Untracked 
| 108|0x0000000086c00000, 0x0000000086d00000, 0x0000000086d00000|100%| O|  |TAMS 0x0000000086d00000, 0x0000000086c00000| Untracked 
| 109|0x0000000086d00000, 0x0000000086e00000, 0x0000000086e00000|100%| O|  |TAMS 0x0000000086e00000, 0x0000000086d00000| Untracked 
| 110|0x0000000086e00000, 0x0000000086f00000, 0x0000000086f00000|100%| O|  |TAMS 0x0000000086f00000, 0x0000000086e00000| Untracked 
| 111|0x0000000086f00000, 0x0000000087000000, 0x0000000087000000|100%| O|  |TAMS 0x0000000087000000, 0x0000000086f00000| Untracked 
| 112|0x0000000087000000, 0x0000000087100000, 0x0000000087100000|100%| O|  |TAMS 0x0000000087100000, 0x0000000087000000| Untracked 
| 113|0x0000000087100000, 0x0000000087100000, 0x0000000087200000|  0%| F|  |TAMS 0x0000000087100000, 0x0000000087100000| Untracked 
| 114|0x0000000087200000, 0x0000000087300000, 0x0000000087300000|100%| O|  |TAMS 0x0000000087300000, 0x0000000087200000| Untracked 
| 115|0x0000000087300000, 0x0000000087400000, 0x0000000087400000|100%| O|  |TAMS 0x0000000087400000, 0x0000000087300000| Untracked 
| 116|0x0000000087400000, 0x0000000087500000, 0x0000000087500000|100%| O|  |TAMS 0x0000000087500000, 0x0000000087400000| Untracked 
| 117|0x0000000087500000, 0x0000000087500000, 0x0000000087600000|  0%| F|  |TAMS 0x0000000087500000, 0x0000000087500000| Untracked 
| 118|0x0000000087600000, 0x0000000087700000, 0x0000000087700000|100%| O|  |TAMS 0x0000000087700000, 0x0000000087600000| Untracked 
| 119|0x0000000087700000, 0x0000000087800000, 0x0000000087800000|100%| O|  |TAMS 0x0000000087800000, 0x0000000087700000| Untracked 
| 120|0x0000000087800000, 0x0000000087900000, 0x0000000087900000|100%| O|  |TAMS 0x0000000087900000, 0x0000000087800000| Untracked 
| 121|0x0000000087900000, 0x0000000087900000, 0x0000000087a00000|  0%| F|  |TAMS 0x0000000087900000, 0x0000000087900000| Untracked 
| 122|0x0000000087a00000, 0x0000000087a00000, 0x0000000087b00000|  0%| F|  |TAMS 0x0000000087a00000, 0x0000000087a00000| Untracked 
| 123|0x0000000087b00000, 0x0000000087b00000, 0x0000000087c00000|  0%| F|  |TAMS 0x0000000087b00000, 0x0000000087b00000| Untracked 
| 124|0x0000000087c00000, 0x0000000087c00000, 0x0000000087d00000|  0%| F|  |TAMS 0x0000000087c00000, 0x0000000087c00000| Untracked 
| 125|0x0000000087d00000, 0x0000000087d00000, 0x0000000087e00000|  0%| F|  |TAMS 0x0000000087d00000, 0x0000000087d00000| Untracked 
| 126|0x0000000087e00000, 0x0000000087f00000, 0x0000000087f00000|100%| O|  |TAMS 0x0000000087f00000, 0x0000000087e00000| Untracked 
| 127|0x0000000087f00000, 0x0000000088000000, 0x0000000088000000|100%| O|  |TAMS 0x0000000088000000, 0x0000000087f00000| Untracked 
| 128|0x0000000088000000, 0x0000000088000000, 0x0000000088100000|  0%| F|  |TAMS 0x0000000088000000, 0x0000000088000000| Untracked 
| 129|0x0000000088100000, 0x0000000088200000, 0x0000000088200000|100%| O|  |TAMS 0x0000000088200000, 0x0000000088100000| Untracked 
| 130|0x0000000088200000, 0x0000000088300000, 0x0000000088300000|100%| O|  |TAMS 0x0000000088300000, 0x0000000088200000| Untracked 
| 131|0x0000000088300000, 0x0000000088400000, 0x0000000088400000|100%| O|  |TAMS 0x0000000088400000, 0x0000000088300000| Untracked 
| 132|0x0000000088400000, 0x0000000088400000, 0x0000000088500000|  0%| F|  |TAMS 0x0000000088400000, 0x0000000088400000| Untracked 
| 133|0x0000000088500000, 0x0000000088500000, 0x0000000088600000|  0%| F|  |TAMS 0x0000000088500000, 0x0000000088500000| Untracked 
| 134|0x0000000088600000, 0x0000000088700000, 0x0000000088700000|100%| O|  |TAMS 0x0000000088700000, 0x0000000088600000| Untracked 
| 135|0x0000000088700000, 0x0000000088800000, 0x0000000088800000|100%| O|  |TAMS 0x0000000088800000, 0x0000000088700000| Untracked 
| 136|0x0000000088800000, 0x0000000088900000, 0x0000000088900000|100%| O|  |TAMS 0x0000000088900000, 0x0000000088800000| Untracked 
| 137|0x0000000088900000, 0x0000000088a00000, 0x0000000088a00000|100%| O|  |TAMS 0x0000000088a00000, 0x0000000088900000| Untracked 
| 138|0x0000000088a00000, 0x0000000088b00000, 0x0000000088b00000|100%| O|  |TAMS 0x0000000088b00000, 0x0000000088a00000| Untracked 
| 139|0x0000000088b00000, 0x0000000088c00000, 0x0000000088c00000|100%| O|  |TAMS 0x0000000088c00000, 0x0000000088b00000| Untracked 
| 140|0x0000000088c00000, 0x0000000088d00000, 0x0000000088d00000|100%| O|  |TAMS 0x0000000088d00000, 0x0000000088c00000| Untracked 
| 141|0x0000000088d00000, 0x0000000088e00000, 0x0000000088e00000|100%| O|  |TAMS 0x0000000088e00000, 0x0000000088d00000| Untracked 
| 142|0x0000000088e00000, 0x0000000088f00000, 0x0000000088f00000|100%| O|  |TAMS 0x0000000088f00000, 0x0000000088e00000| Untracked 
| 143|0x0000000088f00000, 0x0000000089000000, 0x0000000089000000|100%| O|  |TAMS 0x0000000089000000, 0x0000000088f00000| Untracked 
| 144|0x0000000089000000, 0x0000000089100000, 0x0000000089100000|100%| O|  |TAMS 0x0000000089100000, 0x0000000089000000| Untracked 
| 145|0x0000000089100000, 0x0000000089200000, 0x0000000089200000|100%| O|  |TAMS 0x0000000089200000, 0x0000000089100000| Untracked 
| 146|0x0000000089200000, 0x0000000089300000, 0x0000000089300000|100%| O|  |TAMS 0x0000000089300000, 0x0000000089200000| Untracked 
| 147|0x0000000089300000, 0x0000000089400000, 0x0000000089400000|100%| O|  |TAMS 0x0000000089400000, 0x0000000089300000| Untracked 
| 148|0x0000000089400000, 0x0000000089500000, 0x0000000089500000|100%| O|  |TAMS 0x0000000089500000, 0x0000000089400000| Untracked 
| 149|0x0000000089500000, 0x0000000089600000, 0x0000000089600000|100%| O|  |TAMS 0x0000000089600000, 0x0000000089500000| Untracked 
| 150|0x0000000089600000, 0x0000000089700000, 0x0000000089700000|100%| O|  |TAMS 0x0000000089700000, 0x0000000089600000| Untracked 
| 151|0x0000000089700000, 0x0000000089800000, 0x0000000089800000|100%| O|  |TAMS 0x0000000089800000, 0x0000000089700000| Untracked 
| 152|0x0000000089800000, 0x0000000089900000, 0x0000000089900000|100%| O|  |TAMS 0x0000000089900000, 0x0000000089800000| Untracked 
| 153|0x0000000089900000, 0x0000000089a00000, 0x0000000089a00000|100%| O|  |TAMS 0x0000000089a00000, 0x0000000089900000| Untracked 
| 154|0x0000000089a00000, 0x0000000089b00000, 0x0000000089b00000|100%| O|  |TAMS 0x0000000089b00000, 0x0000000089a00000| Untracked 
| 155|0x0000000089b00000, 0x0000000089b00000, 0x0000000089c00000|  0%| F|  |TAMS 0x0000000089b00000, 0x0000000089b00000| Untracked 
| 156|0x0000000089c00000, 0x0000000089d00000, 0x0000000089d00000|100%| O|  |TAMS 0x0000000089d00000, 0x0000000089c00000| Untracked 
| 157|0x0000000089d00000, 0x0000000089e00000, 0x0000000089e00000|100%| O|  |TAMS 0x0000000089e00000, 0x0000000089d00000| Untracked 
| 158|0x0000000089e00000, 0x0000000089f00000, 0x0000000089f00000|100%| O|  |TAMS 0x0000000089f00000, 0x0000000089e00000| Untracked 
| 159|0x0000000089f00000, 0x000000008a000000, 0x000000008a000000|100%| O|  |TAMS 0x000000008a000000, 0x0000000089f00000| Untracked 
| 160|0x000000008a000000, 0x000000008a100000, 0x000000008a100000|100%| O|  |TAMS 0x000000008a100000, 0x000000008a000000| Untracked 
| 161|0x000000008a100000, 0x000000008a200000, 0x000000008a200000|100%| O|  |TAMS 0x000000008a200000, 0x000000008a100000| Untracked 
| 162|0x000000008a200000, 0x000000008a200000, 0x000000008a300000|  0%| F|  |TAMS 0x000000008a200000, 0x000000008a200000| Untracked 
| 163|0x000000008a300000, 0x000000008a300000, 0x000000008a400000|  0%| F|  |TAMS 0x000000008a300000, 0x000000008a300000| Untracked 
| 164|0x000000008a400000, 0x000000008a400000, 0x000000008a500000|  0%| F|  |TAMS 0x000000008a400000, 0x000000008a400000| Untracked 
| 165|0x000000008a500000, 0x000000008a500000, 0x000000008a600000|  0%| F|  |TAMS 0x000000008a500000, 0x000000008a500000| Untracked 
| 166|0x000000008a600000, 0x000000008a600000, 0x000000008a700000|  0%| F|  |TAMS 0x000000008a600000, 0x000000008a600000| Untracked 
| 167|0x000000008a700000, 0x000000008a700000, 0x000000008a800000|  0%| F|  |TAMS 0x000000008a700000, 0x000000008a700000| Untracked 
| 168|0x000000008a800000, 0x000000008a800000, 0x000000008a900000|  0%| F|  |TAMS 0x000000008a800000, 0x000000008a800000| Untracked 
| 169|0x000000008a900000, 0x000000008a900000, 0x000000008aa00000|  0%| F|  |TAMS 0x000000008a900000, 0x000000008a900000| Untracked 
| 170|0x000000008aa00000, 0x000000008aa57560, 0x000000008ab00000| 34%| S|CS|TAMS 0x000000008aa00000, 0x000000008aa00000| Complete 
| 171|0x000000008ab00000, 0x000000008ac00000, 0x000000008ac00000|100%| S|CS|TAMS 0x000000008ab00000, 0x000000008ab00000| Complete 
| 172|0x000000008ac00000, 0x000000008ac00000, 0x000000008ad00000|  0%| F|  |TAMS 0x000000008ac00000, 0x000000008ac00000| Untracked 
| 173|0x000000008ad00000, 0x000000008ad00000, 0x000000008ae00000|  0%| F|  |TAMS 0x000000008ad00000, 0x000000008ad00000| Untracked 
| 174|0x000000008ae00000, 0x000000008af00000, 0x000000008af00000|100%| S|CS|TAMS 0x000000008ae00000, 0x000000008ae00000| Complete 
| 175|0x000000008af00000, 0x000000008af00000, 0x000000008b000000|  0%| F|  |TAMS 0x000000008af00000, 0x000000008af00000| Untracked 
| 176|0x000000008b000000, 0x000000008b000000, 0x000000008b100000|  0%| F|  |TAMS 0x000000008b000000, 0x000000008b000000| Untracked 
| 177|0x000000008b100000, 0x000000008b200000, 0x000000008b200000|100%| S|CS|TAMS 0x000000008b100000, 0x000000008b100000| Complete 
| 178|0x000000008b200000, 0x000000008b300000, 0x000000008b300000|100%| S|CS|TAMS 0x000000008b200000, 0x000000008b200000| Complete 
| 179|0x000000008b300000, 0x000000008b400000, 0x000000008b400000|100%| S|CS|TAMS 0x000000008b300000, 0x000000008b300000| Complete 
| 180|0x000000008b400000, 0x000000008b400000, 0x000000008b500000|  0%| F|  |TAMS 0x000000008b400000, 0x000000008b400000| Untracked 
| 181|0x000000008b500000, 0x000000008b500000, 0x000000008b600000|  0%| F|  |TAMS 0x000000008b500000, 0x000000008b500000| Untracked 
| 182|0x000000008b600000, 0x000000008b600000, 0x000000008b700000|  0%| F|  |TAMS 0x000000008b600000, 0x000000008b600000| Untracked 
| 183|0x000000008b700000, 0x000000008b700000, 0x000000008b800000|  0%| F|  |TAMS 0x000000008b700000, 0x000000008b700000| Untracked 
| 184|0x000000008b800000, 0x000000008b800000, 0x000000008b900000|  0%| F|  |TAMS 0x000000008b800000, 0x000000008b800000| Untracked 
| 185|0x000000008b900000, 0x000000008b900000, 0x000000008ba00000|  0%| F|  |TAMS 0x000000008b900000, 0x000000008b900000| Untracked 
| 186|0x000000008ba00000, 0x000000008ba00000, 0x000000008bb00000|  0%| F|  |TAMS 0x000000008ba00000, 0x000000008ba00000| Untracked 
| 187|0x000000008bb00000, 0x000000008bb00000, 0x000000008bc00000|  0%| F|  |TAMS 0x000000008bb00000, 0x000000008bb00000| Untracked 
| 188|0x000000008bc00000, 0x000000008bc00000, 0x000000008bd00000|  0%| F|  |TAMS 0x000000008bc00000, 0x000000008bc00000| Untracked 
| 189|0x000000008bd00000, 0x000000008bd00000, 0x000000008be00000|  0%| F|  |TAMS 0x000000008bd00000, 0x000000008bd00000| Untracked 
| 190|0x000000008be00000, 0x000000008be00000, 0x000000008bf00000|  0%| F|  |TAMS 0x000000008be00000, 0x000000008be00000| Untracked 
| 191|0x000000008bf00000, 0x000000008bf00000, 0x000000008c000000|  0%| F|  |TAMS 0x000000008bf00000, 0x000000008bf00000| Untracked 
| 192|0x000000008c000000, 0x000000008c000000, 0x000000008c100000|  0%| F|  |TAMS 0x000000008c000000, 0x000000008c000000| Untracked 
| 193|0x000000008c100000, 0x000000008c100000, 0x000000008c200000|  0%| F|  |TAMS 0x000000008c100000, 0x000000008c100000| Untracked 
| 194|0x000000008c200000, 0x000000008c200000, 0x000000008c300000|  0%| F|  |TAMS 0x000000008c200000, 0x000000008c200000| Untracked 
| 195|0x000000008c300000, 0x000000008c300000, 0x000000008c400000|  0%| F|  |TAMS 0x000000008c300000, 0x000000008c300000| Untracked 
| 196|0x000000008c400000, 0x000000008c400000, 0x000000008c500000|  0%| F|  |TAMS 0x000000008c400000, 0x000000008c400000| Untracked 
| 197|0x000000008c500000, 0x000000008c500000, 0x000000008c600000|  0%| F|  |TAMS 0x000000008c500000, 0x000000008c500000| Untracked 
| 198|0x000000008c600000, 0x000000008c600000, 0x000000008c700000|  0%| F|  |TAMS 0x000000008c600000, 0x000000008c600000| Untracked 
| 199|0x000000008c700000, 0x000000008c700000, 0x000000008c800000|  0%| F|  |TAMS 0x000000008c700000, 0x000000008c700000| Untracked 
| 200|0x000000008c800000, 0x000000008c800000, 0x000000008c900000|  0%| F|  |TAMS 0x000000008c800000, 0x000000008c800000| Untracked 
| 201|0x000000008c900000, 0x000000008c900000, 0x000000008ca00000|  0%| F|  |TAMS 0x000000008c900000, 0x000000008c900000| Untracked 
| 202|0x000000008ca00000, 0x000000008ca00000, 0x000000008cb00000|  0%| F|  |TAMS 0x000000008ca00000, 0x000000008ca00000| Untracked 
| 203|0x000000008cb00000, 0x000000008cb00000, 0x000000008cc00000|  0%| F|  |TAMS 0x000000008cb00000, 0x000000008cb00000| Untracked 
| 204|0x000000008cc00000, 0x000000008cc00000, 0x000000008cd00000|  0%| F|  |TAMS 0x000000008cc00000, 0x000000008cc00000| Untracked 
| 205|0x000000008cd00000, 0x000000008cd00000, 0x000000008ce00000|  0%| F|  |TAMS 0x000000008cd00000, 0x000000008cd00000| Untracked 
| 206|0x000000008ce00000, 0x000000008ce00000, 0x000000008cf00000|  0%| F|  |TAMS 0x000000008ce00000, 0x000000008ce00000| Untracked 
| 207|0x000000008cf00000, 0x000000008cf00000, 0x000000008d000000|  0%| F|  |TAMS 0x000000008cf00000, 0x000000008cf00000| Untracked 
| 208|0x000000008d000000, 0x000000008d000000, 0x000000008d100000|  0%| F|  |TAMS 0x000000008d000000, 0x000000008d000000| Untracked 
| 209|0x000000008d100000, 0x000000008d100000, 0x000000008d200000|  0%| F|  |TAMS 0x000000008d100000, 0x000000008d100000| Untracked 
| 210|0x000000008d200000, 0x000000008d200000, 0x000000008d300000|  0%| F|  |TAMS 0x000000008d200000, 0x000000008d200000| Untracked 
| 211|0x000000008d300000, 0x000000008d300000, 0x000000008d400000|  0%| F|  |TAMS 0x000000008d300000, 0x000000008d300000| Untracked 
| 212|0x000000008d400000, 0x000000008d400000, 0x000000008d500000|  0%| F|  |TAMS 0x000000008d400000, 0x000000008d400000| Untracked 
| 213|0x000000008d500000, 0x000000008d500000, 0x000000008d600000|  0%| F|  |TAMS 0x000000008d500000, 0x000000008d500000| Untracked 
| 214|0x000000008d600000, 0x000000008d600000, 0x000000008d700000|  0%| F|  |TAMS 0x000000008d600000, 0x000000008d600000| Untracked 
| 215|0x000000008d700000, 0x000000008d780800, 0x000000008d800000| 50%| E|  |TAMS 0x000000008d700000, 0x000000008d700000| Complete 
| 216|0x000000008d800000, 0x000000008d900000, 0x000000008d900000|100%| E|CS|TAMS 0x000000008d800000, 0x000000008d800000| Complete 
| 217|0x000000008d900000, 0x000000008da00000, 0x000000008da00000|100%| E|CS|TAMS 0x000000008d900000, 0x000000008d900000| Complete 
| 218|0x000000008da00000, 0x000000008db00000, 0x000000008db00000|100%| E|CS|TAMS 0x000000008da00000, 0x000000008da00000| Complete 
| 219|0x000000008db00000, 0x000000008dc00000, 0x000000008dc00000|100%| E|CS|TAMS 0x000000008db00000, 0x000000008db00000| Complete 
| 220|0x000000008dc00000, 0x000000008dd00000, 0x000000008dd00000|100%| E|CS|TAMS 0x000000008dc00000, 0x000000008dc00000| Complete 
| 221|0x000000008dd00000, 0x000000008de00000, 0x000000008de00000|100%| E|CS|TAMS 0x000000008dd00000, 0x000000008dd00000| Complete 
| 222|0x000000008de00000, 0x000000008df00000, 0x000000008df00000|100%| E|CS|TAMS 0x000000008de00000, 0x000000008de00000| Complete 
| 223|0x000000008df00000, 0x000000008e000000, 0x000000008e000000|100%| E|CS|TAMS 0x000000008df00000, 0x000000008df00000| Complete 
| 224|0x000000008e000000, 0x000000008e100000, 0x000000008e100000|100%| E|CS|TAMS 0x000000008e000000, 0x000000008e000000| Complete 
| 225|0x000000008e100000, 0x000000008e200000, 0x000000008e200000|100%| E|CS|TAMS 0x000000008e100000, 0x000000008e100000| Complete 
| 226|0x000000008e200000, 0x000000008e300000, 0x000000008e300000|100%| E|CS|TAMS 0x000000008e200000, 0x000000008e200000| Complete 
| 227|0x000000008e300000, 0x000000008e400000, 0x000000008e400000|100%| E|CS|TAMS 0x000000008e300000, 0x000000008e300000| Complete 
| 228|0x000000008e400000, 0x000000008e500000, 0x000000008e500000|100%| E|CS|TAMS 0x000000008e400000, 0x000000008e400000| Complete 
| 229|0x000000008e500000, 0x000000008e600000, 0x000000008e600000|100%| E|CS|TAMS 0x000000008e500000, 0x000000008e500000| Complete 
| 230|0x000000008e600000, 0x000000008e700000, 0x000000008e700000|100%| E|CS|TAMS 0x000000008e600000, 0x000000008e600000| Complete 
| 231|0x000000008e700000, 0x000000008e800000, 0x000000008e800000|100%| E|CS|TAMS 0x000000008e700000, 0x000000008e700000| Complete 
| 232|0x000000008e800000, 0x000000008e900000, 0x000000008e900000|100%| E|CS|TAMS 0x000000008e800000, 0x000000008e800000| Complete 
| 233|0x000000008e900000, 0x000000008ea00000, 0x000000008ea00000|100%| E|CS|TAMS 0x000000008e900000, 0x000000008e900000| Complete 
| 234|0x000000008ea00000, 0x000000008eb00000, 0x000000008eb00000|100%| E|CS|TAMS 0x000000008ea00000, 0x000000008ea00000| Complete 
| 235|0x000000008eb00000, 0x000000008ec00000, 0x000000008ec00000|100%| E|CS|TAMS 0x000000008eb00000, 0x000000008eb00000| Complete 
| 236|0x000000008ec00000, 0x000000008ed00000, 0x000000008ed00000|100%| E|CS|TAMS 0x000000008ec00000, 0x000000008ec00000| Complete 
| 237|0x000000008ed00000, 0x000000008ee00000, 0x000000008ee00000|100%| E|CS|TAMS 0x000000008ed00000, 0x000000008ed00000| Complete 
| 238|0x000000008ee00000, 0x000000008ef00000, 0x000000008ef00000|100%| E|CS|TAMS 0x000000008ee00000, 0x000000008ee00000| Complete 
| 239|0x000000008ef00000, 0x000000008f000000, 0x000000008f000000|100%| E|CS|TAMS 0x000000008ef00000, 0x000000008ef00000| Complete 
| 240|0x000000008f000000, 0x000000008f100000, 0x000000008f100000|100%| E|CS|TAMS 0x000000008f000000, 0x000000008f000000| Complete 
| 241|0x000000008f100000, 0x000000008f200000, 0x000000008f200000|100%| E|CS|TAMS 0x000000008f100000, 0x000000008f100000| Complete 
| 242|0x000000008f200000, 0x000000008f300000, 0x000000008f300000|100%| E|CS|TAMS 0x000000008f200000, 0x000000008f200000| Complete 
| 243|0x000000008f300000, 0x000000008f400000, 0x000000008f400000|100%| E|CS|TAMS 0x000000008f300000, 0x000000008f300000| Complete 
| 244|0x000000008f400000, 0x000000008f500000, 0x000000008f500000|100%| E|CS|TAMS 0x000000008f400000, 0x000000008f400000| Complete 
| 245|0x000000008f500000, 0x000000008f600000, 0x000000008f600000|100%| E|CS|TAMS 0x000000008f500000, 0x000000008f500000| Complete 
| 246|0x000000008f600000, 0x000000008f700000, 0x000000008f700000|100%| E|CS|TAMS 0x000000008f600000, 0x000000008f600000| Complete 
| 247|0x000000008f700000, 0x000000008f800000, 0x000000008f800000|100%| E|CS|TAMS 0x000000008f700000, 0x000000008f700000| Complete 
| 248|0x000000008f800000, 0x000000008f8fffd0, 0x000000008f900000| 99%| E|  |TAMS 0x000000008f800000, 0x000000008f800000| Complete 
| 249|0x000000008f900000, 0x000000008fa00000, 0x000000008fa00000|100%| E|CS|TAMS 0x000000008f900000, 0x000000008f900000| Complete 
| 250|0x000000008fa00000, 0x000000008fb00000, 0x000000008fb00000|100%| E|CS|TAMS 0x000000008fa00000, 0x000000008fa00000| Complete 
| 251|0x000000008fb00000, 0x000000008fc00000, 0x000000008fc00000|100%| E|CS|TAMS 0x000000008fb00000, 0x000000008fb00000| Complete 
| 252|0x000000008fc00000, 0x000000008fd00000, 0x000000008fd00000|100%| E|CS|TAMS 0x000000008fc00000, 0x000000008fc00000| Complete 
| 253|0x000000008fd00000, 0x000000008fe00000, 0x000000008fe00000|100%| E|CS|TAMS 0x000000008fd00000, 0x000000008fd00000| Complete 
| 254|0x000000008fe00000, 0x000000008ff00000, 0x000000008ff00000|100%| E|CS|TAMS 0x000000008fe00000, 0x000000008fe00000| Complete 
| 255|0x000000008ff00000, 0x0000000090000000, 0x0000000090000000|100%| E|CS|TAMS 0x000000008ff00000, 0x000000008ff00000| Complete 
| 256|0x0000000090000000, 0x0000000090100000, 0x0000000090100000|100%| E|CS|TAMS 0x0000000090000000, 0x0000000090000000| Complete 
| 257|0x0000000090100000, 0x0000000090200000, 0x0000000090200000|100%| E|CS|TAMS 0x0000000090100000, 0x0000000090100000| Complete 
| 258|0x0000000090200000, 0x0000000090300000, 0x0000000090300000|100%| E|CS|TAMS 0x0000000090200000, 0x0000000090200000| Complete 
| 259|0x0000000090300000, 0x0000000090400000, 0x0000000090400000|100%| E|CS|TAMS 0x0000000090300000, 0x0000000090300000| Complete 
| 260|0x0000000090400000, 0x0000000090500000, 0x0000000090500000|100%| E|CS|TAMS 0x0000000090400000, 0x0000000090400000| Complete 
| 261|0x0000000090500000, 0x0000000090600000, 0x0000000090600000|100%| E|CS|TAMS 0x0000000090500000, 0x0000000090500000| Complete 
| 262|0x0000000090600000, 0x0000000090700000, 0x0000000090700000|100%| E|CS|TAMS 0x0000000090600000, 0x0000000090600000| Complete 
| 263|0x0000000090700000, 0x0000000090800000, 0x0000000090800000|100%| E|CS|TAMS 0x0000000090700000, 0x0000000090700000| Complete 
| 264|0x0000000090800000, 0x0000000090900000, 0x0000000090900000|100%| E|CS|TAMS 0x0000000090800000, 0x0000000090800000| Complete 
| 265|0x0000000090900000, 0x0000000090a00000, 0x0000000090a00000|100%| E|CS|TAMS 0x0000000090900000, 0x0000000090900000| Complete 
| 266|0x0000000090a00000, 0x0000000090b00000, 0x0000000090b00000|100%| E|CS|TAMS 0x0000000090a00000, 0x0000000090a00000| Complete 
| 267|0x0000000090b00000, 0x0000000090c00000, 0x0000000090c00000|100%| E|CS|TAMS 0x0000000090b00000, 0x0000000090b00000| Complete 
| 268|0x0000000090c00000, 0x0000000090d00000, 0x0000000090d00000|100%| E|CS|TAMS 0x0000000090c00000, 0x0000000090c00000| Complete 
| 269|0x0000000090d00000, 0x0000000090e00000, 0x0000000090e00000|100%| E|CS|TAMS 0x0000000090d00000, 0x0000000090d00000| Complete 
| 270|0x0000000090e00000, 0x0000000090f00000, 0x0000000090f00000|100%| E|CS|TAMS 0x0000000090e00000, 0x0000000090e00000| Complete 
| 271|0x0000000090f00000, 0x0000000091000000, 0x0000000091000000|100%| E|CS|TAMS 0x0000000090f00000, 0x0000000090f00000| Complete 
| 272|0x0000000091000000, 0x0000000091100000, 0x0000000091100000|100%| E|CS|TAMS 0x0000000091000000, 0x0000000091000000| Complete 
| 273|0x0000000091100000, 0x0000000091200000, 0x0000000091200000|100%| E|CS|TAMS 0x0000000091100000, 0x0000000091100000| Complete 
| 274|0x0000000091200000, 0x0000000091300000, 0x0000000091300000|100%| E|CS|TAMS 0x0000000091200000, 0x0000000091200000| Complete 
| 275|0x0000000091300000, 0x0000000091400000, 0x0000000091400000|100%| E|CS|TAMS 0x0000000091300000, 0x0000000091300000| Complete 
| 276|0x0000000091400000, 0x0000000091500000, 0x0000000091500000|100%| E|CS|TAMS 0x0000000091400000, 0x0000000091400000| Complete 
| 277|0x0000000091500000, 0x0000000091600000, 0x0000000091600000|100%| E|CS|TAMS 0x0000000091500000, 0x0000000091500000| Complete 
| 278|0x0000000091600000, 0x0000000091700000, 0x0000000091700000|100%| E|CS|TAMS 0x0000000091600000, 0x0000000091600000| Complete 
| 279|0x0000000091700000, 0x0000000091800000, 0x0000000091800000|100%| E|CS|TAMS 0x0000000091700000, 0x0000000091700000| Complete 
| 280|0x0000000091800000, 0x0000000091900000, 0x0000000091900000|100%| E|CS|TAMS 0x0000000091800000, 0x0000000091800000| Complete 
| 281|0x0000000091900000, 0x0000000091a00000, 0x0000000091a00000|100%| E|CS|TAMS 0x0000000091900000, 0x0000000091900000| Complete 
| 282|0x0000000091a00000, 0x0000000091b00000, 0x0000000091b00000|100%| E|CS|TAMS 0x0000000091a00000, 0x0000000091a00000| Complete 
| 283|0x0000000091b00000, 0x0000000091c00000, 0x0000000091c00000|100%| E|CS|TAMS 0x0000000091b00000, 0x0000000091b00000| Complete 
| 284|0x0000000091c00000, 0x0000000091d00000, 0x0000000091d00000|100%| E|CS|TAMS 0x0000000091c00000, 0x0000000091c00000| Complete 
| 285|0x0000000091d00000, 0x0000000091e00000, 0x0000000091e00000|100%| E|CS|TAMS 0x0000000091d00000, 0x0000000091d00000| Complete 
| 286|0x0000000091e00000, 0x0000000091f00000, 0x0000000091f00000|100%| E|CS|TAMS 0x0000000091e00000, 0x0000000091e00000| Complete 
| 287|0x0000000091f00000, 0x0000000092000000, 0x0000000092000000|100%| E|CS|TAMS 0x0000000091f00000, 0x0000000091f00000| Complete 
| 288|0x0000000092000000, 0x0000000092100000, 0x0000000092100000|100%| E|CS|TAMS 0x0000000092000000, 0x0000000092000000| Complete 
| 289|0x0000000092100000, 0x0000000092200000, 0x0000000092200000|100%| E|CS|TAMS 0x0000000092100000, 0x0000000092100000| Complete 
| 290|0x0000000092200000, 0x0000000092300000, 0x0000000092300000|100%| E|CS|TAMS 0x0000000092200000, 0x0000000092200000| Complete 
| 291|0x0000000092300000, 0x0000000092400000, 0x0000000092400000|100%| E|CS|TAMS 0x0000000092300000, 0x0000000092300000| Complete 
| 292|0x0000000092400000, 0x0000000092500000, 0x0000000092500000|100%| E|CS|TAMS 0x0000000092400000, 0x0000000092400000| Complete 
| 293|0x0000000092500000, 0x0000000092600000, 0x0000000092600000|100%| E|CS|TAMS 0x0000000092500000, 0x0000000092500000| Complete 
| 294|0x0000000092600000, 0x0000000092700000, 0x0000000092700000|100%| E|CS|TAMS 0x0000000092600000, 0x0000000092600000| Complete 
| 295|0x0000000092700000, 0x0000000092800000, 0x0000000092800000|100%| E|CS|TAMS 0x0000000092700000, 0x0000000092700000| Complete 
| 296|0x0000000092800000, 0x0000000092900000, 0x0000000092900000|100%| E|CS|TAMS 0x0000000092800000, 0x0000000092800000| Complete 
| 297|0x0000000092900000, 0x0000000092a00000, 0x0000000092a00000|100%| E|CS|TAMS 0x0000000092900000, 0x0000000092900000| Complete 
| 298|0x0000000092a00000, 0x0000000092b00000, 0x0000000092b00000|100%| E|CS|TAMS 0x0000000092a00000, 0x0000000092a00000| Complete 
| 299|0x0000000092b00000, 0x0000000092c00000, 0x0000000092c00000|100%| E|CS|TAMS 0x0000000092b00000, 0x0000000092b00000| Complete 
| 300|0x0000000092c00000, 0x0000000092d00000, 0x0000000092d00000|100%| E|CS|TAMS 0x0000000092c00000, 0x0000000092c00000| Complete 
| 301|0x0000000092d00000, 0x0000000092e00000, 0x0000000092e00000|100%| E|CS|TAMS 0x0000000092d00000, 0x0000000092d00000| Complete 
| 302|0x0000000092e00000, 0x0000000092f00000, 0x0000000092f00000|100%| E|CS|TAMS 0x0000000092e00000, 0x0000000092e00000| Complete 
| 303|0x0000000092f00000, 0x0000000093000000, 0x0000000093000000|100%| E|CS|TAMS 0x0000000092f00000, 0x0000000092f00000| Complete 
| 304|0x0000000093000000, 0x0000000093100000, 0x0000000093100000|100%| E|CS|TAMS 0x0000000093000000, 0x0000000093000000| Complete 
| 305|0x0000000093100000, 0x0000000093200000, 0x0000000093200000|100%| E|CS|TAMS 0x0000000093100000, 0x0000000093100000| Complete 
| 306|0x0000000093200000, 0x0000000093300000, 0x0000000093300000|100%| E|CS|TAMS 0x0000000093200000, 0x0000000093200000| Complete 
| 307|0x0000000093300000, 0x0000000093400000, 0x0000000093400000|100%| E|CS|TAMS 0x0000000093300000, 0x0000000093300000| Complete 

Card table byte_map: [0x0000018862b50000,0x0000018862f50000] _byte_map_base: 0x0000018862750000

Marking Bits (Prev, Next): (CMBitMap*) 0x000001884f00fa18, (CMBitMap*) 0x000001884f00fa50
 Prev Bits: [0x0000018863350000, 0x0000018865350000)
 Next Bits: [0x0000018865350000, 0x0000018867350000)

Polling page: 0x000001884d500000

Metaspace:

Usage:
  Non-class:    120.18 MB capacity,   118.22 MB ( 98%) used,     1.55 MB (  1%) free+waste,   417.13 KB ( <1%) overhead. 
      Class:     18.25 MB capacity,    17.00 MB ( 93%) used,     1.07 MB (  6%) free+waste,   182.75 KB ( <1%) overhead. 
       Both:    138.43 MB capacity,   135.23 MB ( 98%) used,     2.62 MB (  2%) free+waste,   599.88 KB ( <1%) overhead. 

Virtual space:
  Non-class space:      122.00 MB reserved,     120.25 MB ( 99%) committed 
      Class space:        1.00 GB reserved,      18.38 MB (  2%) committed 
             Both:        1.12 GB reserved,     138.63 MB ( 12%) committed 

Chunk freelists:
   Non-Class:  10.00 KB
       Class:  126.00 KB
        Both:  136.00 KB

MaxMetaspaceSize: 17179869184.00 GB
CompressedClassSpaceSize: 1.00 GB

CodeHeap 'non-profiled nmethods': size=120000Kb used=12101Kb max_used=12828Kb free=107898Kb
 bounds [0x000001885a5a0000, 0x000001885b230000, 0x0000018861ad0000]
CodeHeap 'profiled nmethods': size=120000Kb used=46384Kb max_used=48654Kb free=73615Kb
 bounds [0x0000018853070000, 0x0000018856000000, 0x000001885a5a0000]
CodeHeap 'non-nmethods': size=5760Kb used=2393Kb max_used=2449Kb free=3366Kb
 bounds [0x0000018852ad0000, 0x0000018852d50000, 0x0000018853070000]
 total_blobs=21072 nmethods=20040 adapters=940
 compilation: enabled
              stopped_count=0, restarted_count=0
 full_count=0

Compilation events (20 events):
Event: 2531.880 Thread 0x000001886a942800 21877       2       java.lang.StackTraceElement::dropClassLoaderName (16 bytes)
Event: 2531.880 Thread 0x000001886a942800 nmethod 21877 0x000001885320da10 code [0x000001885320dbc0, 0x000001885320dcd8]
Event: 2531.880 Thread 0x000001886a942800 21878       2       java.lang.StackTraceElement::isNativeMethod (15 bytes)
Event: 2531.880 Thread 0x000001886a942800 nmethod 21878 0x000001885320d690 code [0x000001885320d840, 0x000001885320d958]
Event: 2531.880 Thread 0x000001886a942800 21879       2       java.lang.System::lineSeparator (4 bytes)
Event: 2531.880 Thread 0x000001886a942800 nmethod 21879 0x00000188531ded90 code [0x00000188531def40, 0x00000188531df038]
Event: 2531.880 Thread 0x000001886a942800 21880       2       java.io.PrintWriter::println (5 bytes)
Event: 2531.880 Thread 0x000001886a942800 nmethod 21880 0x000001885320d310 code [0x000001885320d4c0, 0x000001885320d5c8]
Event: 2531.880 Thread 0x000001886a942800 21881   !   2       java.io.PrintWriter::newLine (65 bytes)
Event: 2531.880 Thread 0x000001886a942800 nmethod 21881 0x000001885321ea90 code [0x000001885321eca0, 0x000001885321f0f8]
Event: 2531.880 Thread 0x000001886a942800 21882       2       java.lang.Throwable$WrappedPrintWriter::println (9 bytes)
Event: 2531.881 Thread 0x000001886a942800 nmethod 21882 0x000001885320cf90 code [0x000001885320d140, 0x000001885320d268]
Event: 2531.881 Thread 0x000001886a942800 21883   !   2       java.io.PrintWriter::println (34 bytes)
Event: 2531.881 Thread 0x000001886a942800 nmethod 21883 0x000001885322f110 code [0x000001885322f300, 0x000001885322f6b8]
Event: 2531.881 Thread 0x000001886a942800 21884       2       jdk.internal.reflect.MethodAccessorGenerator::generate (762 bytes)
Event: 2531.883 Thread 0x000001886a942800 nmethod 21884 0x00000188535a2e10 code [0x00000188535a37c0, 0x00000188535a72d8]
Event: 2531.883 Thread 0x000001886a942800 21886       2       com.android.tools.r8.internal.Mi::X (42 bytes)
Event: 2531.884 Thread 0x000001886a942800 nmethod 21886 0x0000018853210290 code [0x0000018853210440, 0x0000018853210698]
Event: 2531.884 Thread 0x000001886a942800 21885       2       java.security.MessageDigest::digest (10 bytes)
Event: 2531.884 Thread 0x000001886a942800 nmethod 21885 0x000001885320cb10 code [0x000001885320cce0, 0x000001885320ce58]

GC Heap History (20 events):
Event: 2530.740 GC heap before
{Heap before GC invocations=39 (full 0):
 garbage-first heap   total 262144K, used 222511K [0x0000000080000000, 0x0000000100000000)
  region size 1024K, 73 young (74752K), 2 survivors (2048K)
 Metaspace       used 136799K, capacity 140016K, committed 140672K, reserved 1171456K
  class space    used 17308K, capacity 18548K, committed 18816K, reserved 1048576K
}
Event: 2530.742 GC heap after
{Heap after GC invocations=40 (full 0):
 garbage-first heap   total 262144K, used 150186K [0x0000000080000000, 0x0000000100000000)
  region size 1024K, 2 young (2048K), 2 survivors (2048K)
 Metaspace       used 136799K, capacity 140016K, committed 140672K, reserved 1171456K
  class space    used 17308K, capacity 18548K, committed 18816K, reserved 1048576K
}
Event: 2530.758 GC heap before
{Heap before GC invocations=40 (full 0):
 garbage-first heap   total 262144K, used 160426K [0x0000000080000000, 0x0000000100000000)
  region size 1024K, 12 young (12288K), 2 survivors (2048K)
 Metaspace       used 136817K, capacity 140018K, committed 140672K, reserved 1171456K
  class space    used 17308K, capacity 18548K, committed 18816K, reserved 1048576K
}
Event: 2530.761 GC heap after
{Heap after GC invocations=41 (full 0):
 garbage-first heap   total 262144K, used 148814K [0x0000000080000000, 0x0000000100000000)
  region size 1024K, 2 young (2048K), 2 survivors (2048K)
 Metaspace       used 136817K, capacity 140018K, committed 140672K, reserved 1171456K
  class space    used 17308K, capacity 18548K, committed 18816K, reserved 1048576K
}
Event: 2530.857 GC heap before
{Heap before GC invocations=41 (full 0):
 garbage-first heap   total 262144K, used 222542K [0x0000000080000000, 0x0000000100000000)
  region size 1024K, 74 young (75776K), 2 survivors (2048K)
 Metaspace       used 137062K, capacity 140355K, committed 140928K, reserved 1171456K
  class space    used 17357K, capacity 18621K, committed 18816K, reserved 1048576K
}
Event: 2530.859 GC heap after
{Heap after GC invocations=42 (full 0):
 garbage-first heap   total 262144K, used 149302K [0x0000000080000000, 0x0000000100000000)
  region size 1024K, 2 young (2048K), 2 survivors (2048K)
 Metaspace       used 137062K, capacity 140355K, committed 140928K, reserved 1171456K
  class space    used 17357K, capacity 18621K, committed 18816K, reserved 1048576K
}
Event: 2530.954 GC heap before
{Heap before GC invocations=42 (full 0):
 garbage-first heap   total 262144K, used 225078K [0x0000000080000000, 0x0000000100000000)
  region size 1024K, 76 young (77824K), 2 survivors (2048K)
 Metaspace       used 137239K, capacity 140588K, committed 140928K, reserved 1171456K
  class space    used 17375K, capacity 18675K, committed 18816K, reserved 1048576K
}
Event: 2530.956 GC heap after
{Heap after GC invocations=43 (full 0):
 garbage-first heap   total 262144K, used 149991K [0x0000000080000000, 0x0000000100000000)
  region size 1024K, 3 young (3072K), 3 survivors (3072K)
 Metaspace       used 137239K, capacity 140588K, committed 140928K, reserved 1171456K
  class space    used 17375K, capacity 18675K, committed 18816K, reserved 1048576K
}
Event: 2531.046 GC heap before
{Heap before GC invocations=43 (full 0):
 garbage-first heap   total 262144K, used 225767K [0x0000000080000000, 0x0000000100000000)
  region size 1024K, 77 young (78848K), 3 survivors (3072K)
 Metaspace       used 137358K, capacity 140661K, committed 140928K, reserved 1171456K
  class space    used 17379K, capacity 18677K, committed 18816K, reserved 1048576K
}
Event: 2531.047 GC heap after
{Heap after GC invocations=44 (full 0):
 garbage-first heap   total 262144K, used 150873K [0x0000000080000000, 0x0000000100000000)
  region size 1024K, 4 young (4096K), 4 survivors (4096K)
 Metaspace       used 137358K, capacity 140661K, committed 140928K, reserved 1171456K
  class space    used 17379K, capacity 18677K, committed 18816K, reserved 1048576K
}
Event: 2531.155 GC heap before
{Heap before GC invocations=44 (full 0):
 garbage-first heap   total 262144K, used 225625K [0x0000000080000000, 0x0000000100000000)
  region size 1024K, 78 young (79872K), 4 survivors (4096K)
 Metaspace       used 137648K, capacity 140946K, committed 141184K, reserved 1171456K
  class space    used 17382K, capacity 18681K, committed 18816K, reserved 1048576K
}
Event: 2531.157 GC heap after
{Heap after GC invocations=45 (full 0):
 garbage-first heap   total 262144K, used 151068K [0x0000000080000000, 0x0000000100000000)
  region size 1024K, 4 young (4096K), 4 survivors (4096K)
 Metaspace       used 137648K, capacity 140946K, committed 141184K, reserved 1171456K
  class space    used 17382K, capacity 18681K, committed 18816K, reserved 1048576K
}
Event: 2531.264 GC heap before
{Heap before GC invocations=45 (full 0):
 garbage-first heap   total 262144K, used 227868K [0x0000000080000000, 0x0000000100000000)
  region size 1024K, 79 young (80896K), 4 survivors (4096K)
 Metaspace       used 137874K, capacity 141221K, committed 141440K, reserved 1171456K
  class space    used 17382K, capacity 18681K, committed 18816K, reserved 1048576K
}
Event: 2531.267 GC heap after
{Heap after GC invocations=46 (full 0):
 garbage-first heap   total 262144K, used 152710K [0x0000000080000000, 0x0000000100000000)
  region size 1024K, 5 young (5120K), 5 survivors (5120K)
 Metaspace       used 137874K, capacity 141221K, committed 141440K, reserved 1171456K
  class space    used 17382K, capacity 18681K, committed 18816K, reserved 1048576K
}
Event: 2531.418 GC heap before
{Heap before GC invocations=46 (full 0):
 garbage-first heap   total 262144K, used 228486K [0x0000000080000000, 0x0000000100000000)
  region size 1024K, 79 young (80896K), 5 survivors (5120K)
 Metaspace       used 138098K, capacity 141448K, committed 141696K, reserved 1171456K
  class space    used 17382K, capacity 18681K, committed 18816K, reserved 1048576K
}
Event: 2531.420 GC heap after
{Heap after GC invocations=47 (full 0):
 garbage-first heap   total 262144K, used 152078K [0x0000000080000000, 0x0000000100000000)
  region size 1024K, 5 young (5120K), 5 survivors (5120K)
 Metaspace       used 138098K, capacity 141448K, committed 141696K, reserved 1171456K
  class space    used 17382K, capacity 18681K, committed 18816K, reserved 1048576K
}
Event: 2531.597 GC heap before
{Heap before GC invocations=47 (full 0):
 garbage-first heap   total 262144K, used 227854K [0x0000000080000000, 0x0000000100000000)
  region size 1024K, 79 young (80896K), 5 survivors (5120K)
 Metaspace       used 138180K, capacity 141516K, committed 141696K, reserved 1171456K
  class space    used 17382K, capacity 18681K, committed 18816K, reserved 1048576K
}
Event: 2531.599 GC heap after
{Heap after GC invocations=48 (full 0):
 garbage-first heap   total 262144K, used 152550K [0x0000000080000000, 0x0000000100000000)
  region size 1024K, 5 young (5120K), 5 survivors (5120K)
 Metaspace       used 138180K, capacity 141516K, committed 141696K, reserved 1171456K
  class space    used 17382K, capacity 18681K, committed 18816K, reserved 1048576K
}
Event: 2531.771 GC heap before
{Heap before GC invocations=48 (full 0):
 garbage-first heap   total 262144K, used 229350K [0x0000000080000000, 0x0000000100000000)
  region size 1024K, 80 young (81920K), 5 survivors (5120K)
 Metaspace       used 138274K, capacity 141659K, committed 141952K, reserved 1173504K
  class space    used 17386K, capacity 18685K, committed 18816K, reserved 1048576K
}
Event: 2531.775 GC heap after
{Heap after GC invocations=49 (full 0):
 garbage-first heap   total 315392K, used 153193K [0x0000000080000000, 0x0000000100000000)
  region size 1024K, 6 young (6144K), 6 survivors (6144K)
 Metaspace       used 138274K, capacity 141659K, committed 141952K, reserved 1173504K
  class space    used 17386K, capacity 18685K, committed 18816K, reserved 1048576K
}

Deoptimization events (20 events):
Event: 2531.827 Thread 0x000001886dde0800 Uncommon trap: trap_request=0xffffff4d fr.pc=0x000001885ac5b41c relative=0x000000000000017c
Event: 2531.827 Thread 0x000001886dde0800 Uncommon trap: reason=unstable_if action=reinterpret pc=0x000001885ac5b41c method=java.lang.String.startsWith(Ljava/lang/String;I)Z @ 99 c2
Event: 2531.827 Thread 0x000001886dde0800 DEOPT PACKING pc=0x000001885ac5b41c sp=0x00000036a26fd4f0
Event: 2531.827 Thread 0x000001886dde0800 DEOPT UNPACKING pc=0x0000018852af662f sp=0x00000036a26fd3f8 mode 2
Event: 2531.854 Thread 0x000001886d553000 DEOPT PACKING pc=0x0000018855b7ec79 sp=0x00000036a0cf99f0
Event: 2531.854 Thread 0x000001886d553000 DEOPT UNPACKING pc=0x0000018852af6dde sp=0x00000036a0cf90c8 mode 0
Event: 2531.873 Thread 0x000001886dde0800 Uncommon trap: trap_request=0xffffff4d fr.pc=0x000001885aefd400 relative=0x0000000000002260
Event: 2531.873 Thread 0x000001886dde0800 Uncommon trap: reason=unstable_if action=reinterpret pc=0x000001885aefd400 method=org.gradle.internal.logging.sink.LogEventDispatcher.onOutput(Lorg/gradle/internal/logging/events/OutputEvent;)V @ 35 c2
Event: 2531.873 Thread 0x000001886dde0800 DEOPT PACKING pc=0x000001885aefd400 sp=0x00000036a26fd250
Event: 2531.873 Thread 0x000001886dde0800 DEOPT UNPACKING pc=0x0000018852af662f sp=0x00000036a26fd200 mode 2
Event: 2531.873 Thread 0x000001886dde0800 Uncommon trap: trap_request=0xffffff4d fr.pc=0x000001885af032ec relative=0x000000000000224c
Event: 2531.873 Thread 0x000001886dde0800 Uncommon trap: reason=unstable_if action=reinterpret pc=0x000001885af032ec method=org.gradle.internal.logging.sink.LogEventDispatcher.onOutput(Lorg/gradle/internal/logging/events/OutputEvent;)V @ 35 c2
Event: 2531.873 Thread 0x000001886dde0800 DEOPT PACKING pc=0x000001885af032ec sp=0x00000036a26fd1c0
Event: 2531.873 Thread 0x000001886dde0800 DEOPT UNPACKING pc=0x0000018852af662f sp=0x00000036a26fd1e8 mode 2
Event: 2531.878 Thread 0x000001886ccff000 DEOPT PACKING pc=0x000001885541edec sp=0x00000036a1bfcd50
Event: 2531.878 Thread 0x000001886ccff000 DEOPT UNPACKING pc=0x0000018852af6dde sp=0x00000036a1bfc238 mode 0
Event: 2531.878 Thread 0x000001886ccff000 DEOPT PACKING pc=0x000001885307c314 sp=0x00000036a1bfce80
Event: 2531.878 Thread 0x000001886ccff000 DEOPT UNPACKING pc=0x0000018852af6dde sp=0x00000036a1bfc330 mode 0
Event: 2531.878 Thread 0x000001886ccff000 DEOPT PACKING pc=0x000001885575b4dc sp=0x00000036a1bfd500
Event: 2531.878 Thread 0x000001886ccff000 DEOPT UNPACKING pc=0x0000018852af6dde sp=0x00000036a1bfcab0 mode 0

Classes redefined (0 events):
No events

Internal exceptions (20 events):
Event: 2530.255 Thread 0x00000188706bf800 Exception <a 'java/lang/NoSuchMethodError'{0x000000008c40ab00}: 'void java.lang.invoke.DirectMethodHandle$Holder.invokeSpecial(java.lang.Object, java.lang.Object, int, java.lang.Object, java.lang.Object, java.lang.Object, java.lang.Object)'> (0x000000008c40ab00) thrown at [./src/hotspot/share/interpreter/linkResolver.cpp, line 773]
Event: 2530.256 Thread 0x00000188706bf800 Exception <a 'java/lang/NoSuchMethodError'{0x000000008c416600}: 'java.lang.Object java.lang.invoke.Invokers$Holder.linkToTargetMethod(java.lang.Object, int, java.lang.Object, java.lang.Object, java.lang.Object, java.lang.Object)'> (0x000000008c416600) thrown at [./src/hotspot/share/interpreter/linkResolver.cpp, line 773]
Event: 2530.256 Thread 0x00000188706bf800 Exception <a 'java/lang/NoSuchMethodError'{0x000000008c47f2c0}: 'void java.lang.invoke.DirectMethodHandle$Holder.invokeSpecial(java.lang.Object, java.lang.Object, java.lang.Object, java.lang.Object, java.lang.Object, java.lang.Object, java.lang.Object, java.lang.Object, java.lang.Object)'> (0x000000008c47f2c0) thrown at [./src/hotspot/share/interpreter/linkResolver.cpp, line 773]
Event: 2530.258 Thread 0x00000188706bf800 Exception <a 'java/lang/NoSuchMethodError'{0x000000008c321398}: 'void java.lang.invoke.DirectMethodHandle$Holder.invokeStatic(java.lang.Object, java.lang.Object, java.lang.Object, java.lang.Object, java.lang.Object, java.lang.Object, java.lang.Object, java.lang.Object)'> (0x000000008c321398) thrown at [./src/hotspot/share/interpreter/linkResolver.cpp, line 773]
Event: 2530.285 Thread 0x00000188706bf800 Exception <a 'java/lang/IncompatibleClassChangeError'{0x000000008b86ee68}: Found class java.lang.Object, but interface was expected> (0x000000008b86ee68) thrown at [./src/hotspot/share/interpreter/linkResolver.cpp, line 839]
Event: 2530.286 Thread 0x00000188706c0000 Exception <a 'java/lang/NoSuchMethodError'{0x000000008b8f8fb8}: 'java.lang.Object java.lang.invoke.DirectMethodHandle$Holder.invokeSpecial(java.lang.Object, java.lang.Object, java.lang.Object, java.lang.Object, java.lang.Object, java.lang.Object, java.lang.Object, java.lang.Object, java.lang.Object, java.lang.Object, java.lang.Object)'> (0x000000008b8f8fb8) thrown at [./src/hotspot/share/interpreter/linkResolver.cpp, line 773]
Event: 2530.286 Thread 0x00000188706c0000 Exception <a 'java/lang/NoSuchMethodError'{0x000000008b71f7b8}: 'java.lang.Object java.lang.invoke.Invokers$Holder.linkToTargetMethod(java.lang.Object, java.lang.Object, java.lang.Object, java.lang.Object, java.lang.Object, java.lang.Object, java.lang.Object, java.lang.Object, java.lang.Object, java.lang.Object)'> (0x000000008b71f7b8) thrown at [./src/hotspot/share/interpreter/linkResolver.cpp, line 773]
Event: 2530.304 Thread 0x00000188706c0000 Exception <a 'java/lang/IncompatibleClassChangeError'{0x000000008ffd2370}: Found class java.lang.Object, but interface was expected> (0x000000008ffd2370) thrown at [./src/hotspot/share/interpreter/linkResolver.cpp, line 839]
Event: 2530.327 Thread 0x00000188706bf800 Exception <a 'java/lang/NoSuchMethodError'{0x000000008f8f7380}: 'void java.lang.invoke.DirectMethodHandle$Holder.invokeVirtual(java.lang.Object, java.lang.Object, int)'> (0x000000008f8f7380) thrown at [./src/hotspot/share/interpreter/linkResolver.cpp, line 773]
Event: 2530.347 Thread 0x00000188706bf800 Exception <a 'sun/nio/fs/WindowsException'{0x000000008f026170}> (0x000000008f026170) thrown at [./src/hotspot/share/prims/jni.cpp, line 615]
Event: 2530.459 Thread 0x000001886deac000 Exception <a 'java/lang/NoSuchMethodError'{0x000000008c372c40}: 'int java.lang.invoke.DirectMethodHandle$Holder.invokeInterface(java.lang.Object, java.lang.Object, int)'> (0x000000008c372c40) thrown at [./src/hotspot/share/interpreter/linkResolver.cpp, line 773]
Event: 2530.855 Thread 0x00000188706c0000 Exception <a 'java/lang/NoSuchMethodError'{0x000000008b9de5c0}: 'int java.lang.invoke.DirectMethodHandle$Holder.invokeSpecial(java.lang.Object, java.lang.Object, java.lang.Object, java.lang.Object, java.lang.Object, java.lang.Object)'> (0x000000008b9de5c0) thrown at [./src/hotspot/share/interpreter/linkResolver.cpp, line 773]
Event: 2530.941 Thread 0x00000188706c0000 Exception <a 'sun/nio/fs/WindowsException'{0x000000008c61ce88}> (0x000000008c61ce88) thrown at [./src/hotspot/share/prims/jni.cpp, line 615]
Event: 2530.960 Thread 0x000001886deac000 Implicit null exception at 0x000001885b18b888 to 0x000001885b18c274
Event: 2531.117 Thread 0x000001886d21a000 Exception <a 'sun/nio/fs/WindowsException'{0x000000008d0a8398}> (0x000000008d0a8398) thrown at [./src/hotspot/share/prims/jni.cpp, line 615]
Event: 2531.337 Thread 0x000001886deac000 Exception <a 'sun/nio/fs/WindowsException'{0x000000008da2f6b0}> (0x000000008da2f6b0) thrown at [./src/hotspot/share/prims/jni.cpp, line 615]
Event: 2531.746 Thread 0x000001886dde0800 Exception <a 'sun/nio/fs/WindowsException'{0x000000008c009c08}> (0x000000008c009c08) thrown at [./src/hotspot/share/prims/jni.cpp, line 615]
Event: 2531.746 Thread 0x000001886dde0800 Exception <a 'sun/nio/fs/WindowsException'{0x000000008c009f28}> (0x000000008c009f28) thrown at [./src/hotspot/share/prims/jni.cpp, line 615]
Event: 2531.881 Thread 0x000001886de9f800 Exception <a 'java/lang/NoSuchMethodError'{0x000000008f483b38}: <clinit>> (0x000000008f483b38) thrown at [./src/hotspot/share/prims/jni.cpp, line 1362]
Event: 2531.881 Thread 0x000001886de9f800 Exception <a 'java/lang/NoSuchMethodError'{0x000000008f30edd8}: <clinit>> (0x000000008f30edd8) thrown at [./src/hotspot/share/prims/jni.cpp, line 1362]

Events (20 events):
Event: 2531.878 loading class org/gradle/internal/build/event/types/DefaultFailure
Event: 2531.878 loading class org/gradle/internal/build/event/types/DefaultFailure done
Event: 2531.879 loading class org/gradle/tooling/internal/protocol/InternalFailure
Event: 2531.879 loading class org/gradle/tooling/internal/protocol/InternalFailure done
Event: 2531.879 loading class java/lang/Throwable$WrappedPrintWriter
Event: 2531.879 loading class java/lang/Throwable$PrintStreamOrWriter
Event: 2531.879 loading class java/lang/Throwable$PrintStreamOrWriter done
Event: 2531.879 loading class java/lang/Throwable$WrappedPrintWriter done
Event: 2531.879 Executing VM operation: RevokeBias
Event: 2531.879 Executing VM operation: RevokeBias done
Event: 2531.880 loading class org/gradle/tooling/events/task/internal/DefaultTaskFailureResult
Event: 2531.880 loading class org/gradle/tooling/events/task/internal/DefaultTaskFailureResult done
Event: 2531.880 loading class org/gradle/tooling/events/task/TaskFailureResult
Event: 2531.880 loading class org/gradle/tooling/events/task/TaskFailureResult done
Event: 2531.880 loading class org/gradle/tooling/events/FailureResult
Event: 2531.880 loading class org/gradle/tooling/events/FailureResult done
Event: 2531.880 loading class org/gradle/tooling/events/internal/DefaultOperationFailureResult
Event: 2531.880 loading class org/gradle/tooling/events/internal/DefaultOperationFailureResult done
Event: 2531.880 loading class org/gradle/tooling/internal/consumer/DefaultFailure
Event: 2531.880 loading class org/gradle/tooling/internal/consumer/DefaultFailure done


Dynamic libraries:
0x00007ff68c070000 - 0x00007ff68c07a000 	C:\Program Files\Android\Android Studio\jre\bin\java.exe
0x00007ffda9eb0000 - 0x00007ffdaa0a5000 	C:\WINDOWS\SYSTEM32\ntdll.dll
0x00007ffda9960000 - 0x00007ffda9a1e000 	C:\WINDOWS\System32\KERNEL32.DLL
0x00007ffda7690000 - 0x00007ffda7959000 	C:\WINDOWS\System32\KERNELBASE.dll
0x00007ffda7960000 - 0x00007ffda7a60000 	C:\WINDOWS\System32\ucrtbase.dll
0x00007ffda1fe0000 - 0x00007ffda1ff7000 	C:\Program Files\Android\Android Studio\jre\bin\VCRUNTIME140.dll
0x00007ffd9ff60000 - 0x00007ffd9ff79000 	C:\Program Files\Android\Android Studio\jre\bin\jli.dll
0x00007ffda8c80000 - 0x00007ffda8e21000 	C:\WINDOWS\System32\USER32.dll
0x00007ffda7b50000 - 0x00007ffda7b72000 	C:\WINDOWS\System32\win32u.dll
0x00007ffda9cd0000 - 0x00007ffda9cfb000 	C:\WINDOWS\System32\GDI32.dll
0x00007ffda7df0000 - 0x00007ffda7efb000 	C:\WINDOWS\System32\gdi32full.dll
0x00007ffda69a0000 - 0x00007ffda6c3a000 	C:\WINDOWS\WinSxS\amd64_microsoft.windows.common-controls_6595b64144ccf1df_6.0.19041.1110_none_60b5254171f9507e\COMCTL32.dll
0x00007ffda7a60000 - 0x00007ffda7afd000 	C:\WINDOWS\System32\msvcp_win.dll
0x00007ffda9a20000 - 0x00007ffda9abe000 	C:\WINDOWS\System32\msvcrt.dll
0x00007ffda9c10000 - 0x00007ffda9c40000 	C:\WINDOWS\System32\IMM32.DLL
0x00007ffd64aa0000 - 0x00007ffd64b3d000 	C:\Program Files\Android\Android Studio\jre\bin\msvcp140.dll
0x00007ffd5a6a0000 - 0x00007ffd5b175000 	C:\Program Files\Android\Android Studio\jre\bin\server\jvm.dll
0x00007ffda80b0000 - 0x00007ffda815c000 	C:\WINDOWS\System32\ADVAPI32.dll
0x00007ffda9dd0000 - 0x00007ffda9e6b000 	C:\WINDOWS\System32\sechost.dll
0x00007ffda93b0000 - 0x00007ffda94da000 	C:\WINDOWS\System32\RPCRT4.dll
0x00007ffda9390000 - 0x00007ffda9398000 	C:\WINDOWS\System32\PSAPI.DLL
0x00007ffda08f0000 - 0x00007ffda08fa000 	C:\WINDOWS\SYSTEM32\VERSION.dll
0x00007ffd9ad20000 - 0x00007ffd9ad47000 	C:\WINDOWS\SYSTEM32\WINMM.dll
0x00007ffda52d0000 - 0x00007ffda52d9000 	C:\WINDOWS\SYSTEM32\WSOCK32.dll
0x00007ffda9240000 - 0x00007ffda92ab000 	C:\WINDOWS\System32\WS2_32.dll
0x00007ffda4810000 - 0x00007ffda4822000 	C:\WINDOWS\SYSTEM32\kernel.appcore.dll
0x00007ffd9bbc0000 - 0x00007ffd9bbd1000 	C:\Program Files\Android\Android Studio\jre\bin\verify.dll
0x00007ffda6f70000 - 0x00007ffda7154000 	C:\WINDOWS\SYSTEM32\DBGHELP.DLL
0x00007ffda6da0000 - 0x00007ffda6dcc000 	C:\WINDOWS\SYSTEM32\dbgcore.DLL
0x00007ffda75d0000 - 0x00007ffda7653000 	C:\WINDOWS\System32\bcryptPrimitives.dll
0x00007ffd97f20000 - 0x00007ffd97f49000 	C:\Program Files\Android\Android Studio\jre\bin\java.dll
0x00007ffd9b500000 - 0x00007ffd9b50b000 	C:\Program Files\Android\Android Studio\jre\bin\jimage.dll
0x00007ffd98650000 - 0x00007ffd98668000 	C:\Program Files\Android\Android Studio\jre\bin\zip.dll
0x00007ffda81c0000 - 0x00007ffda88ff000 	C:\WINDOWS\System32\SHELL32.dll
0x00007ffda4a10000 - 0x00007ffda51a0000 	C:\WINDOWS\SYSTEM32\windows.storage.dll
0x00007ffda8e30000 - 0x00007ffda9185000 	C:\WINDOWS\System32\combase.dll
0x00007ffda6930000 - 0x00007ffda695c000 	C:\WINDOWS\SYSTEM32\Wldp.dll
0x00007ffda8bd0000 - 0x00007ffda8c7d000 	C:\WINDOWS\System32\SHCORE.dll
0x00007ffda9b40000 - 0x00007ffda9b95000 	C:\WINDOWS\System32\shlwapi.dll
0x00007ffda7510000 - 0x00007ffda752f000 	C:\WINDOWS\SYSTEM32\profapi.dll
0x00007ffd97f00000 - 0x00007ffd97f1a000 	C:\Program Files\Android\Android Studio\jre\bin\net.dll
0x00007ffd9b650000 - 0x00007ffd9b758000 	C:\WINDOWS\SYSTEM32\WINHTTP.dll
0x00007ffda6690000 - 0x00007ffda66fa000 	C:\WINDOWS\system32\mswsock.dll
0x00007ffd973f0000 - 0x00007ffd97404000 	C:\Program Files\Android\Android Studio\jre\bin\nio.dll
0x00007ffd991b0000 - 0x00007ffd991d7000 	C:\Users\96jos\.gradle\native\8bec1ad78214c89d9ad589b4d07fe93259594b29d510b10fafb7a158f7737e5d\windows-amd64\native-platform.dll
0x00007ffd19020000 - 0x00007ffd1915d000 	C:\Users\96jos\.gradle\native\53dbd7edfb1c66fb8903c78663c9afc45aea4f116125fa6feffd364cf09443e8\windows-amd64\native-platform-file-events.dll
0x00007ffd99aa0000 - 0x00007ffd99aaa000 	C:\Program Files\Android\Android Studio\jre\bin\management.dll
0x00007ffd99900000 - 0x00007ffd9990d000 	C:\Program Files\Android\Android Studio\jre\bin\management_ext.dll
0x00007ffda7350000 - 0x00007ffda7368000 	C:\WINDOWS\SYSTEM32\CRYPTSP.dll
0x00007ffda6030000 - 0x00007ffda6064000 	C:\WINDOWS\system32\rsaenh.dll
0x00007ffda7660000 - 0x00007ffda7687000 	C:\WINDOWS\System32\bcrypt.dll
0x00007ffda7490000 - 0x00007ffda74be000 	C:\WINDOWS\SYSTEM32\USERENV.dll
0x00007ffda6920000 - 0x00007ffda692c000 	C:\WINDOWS\SYSTEM32\CRYPTBASE.dll
0x00007ffda6380000 - 0x00007ffda63bb000 	C:\WINDOWS\SYSTEM32\IPHLPAPI.DLL
0x00007ffda9ba0000 - 0x00007ffda9ba8000 	C:\WINDOWS\System32\NSI.dll
0x00007ffda03e0000 - 0x00007ffda03f7000 	C:\WINDOWS\SYSTEM32\dhcpcsvc6.DLL
0x00007ffda03c0000 - 0x00007ffda03dd000 	C:\WINDOWS\SYSTEM32\dhcpcsvc.DLL
0x00007ffda63c0000 - 0x00007ffda648c000 	C:\WINDOWS\SYSTEM32\DNSAPI.dll
0x00007ffd51850000 - 0x00007ffd51877000 	C:\Program Files\Android\Android Studio\jre\bin\sunec.dll
0x00007ffd9b9f0000 - 0x00007ffd9b9fa000 	C:\Windows\System32\rasadhlp.dll
0x00007ffd96320000 - 0x00007ffd9639f000 	C:\WINDOWS\System32\fwpuclnt.dll
0x00007ffda7230000 - 0x00007ffda7263000 	C:\WINDOWS\SYSTEM32\ntmarta.dll

dbghelp: loaded successfully - version: 4.0.5 - missing functions: none
symbol engine: initialized successfully - sym options: 0x614 - pdb path: .;C:\Program Files\Android\Android Studio\jre\bin;C:\WINDOWS\SYSTEM32;C:\WINDOWS\WinSxS\amd64_microsoft.windows.common-controls_6595b64144ccf1df_6.0.19041.1110_none_60b5254171f9507e;C:\Program Files\Android\Android Studio\jre\bin\server;C:\Users\96jos\.gradle\native\8bec1ad78214c89d9ad589b4d07fe93259594b29d510b10fafb7a158f7737e5d\windows-amd64;C:\Users\96jos\.gradle\native\53dbd7edfb1c66fb8903c78663c9afc45aea4f116125fa6feffd364cf09443e8\windows-amd64

VM Arguments:
jvm_args: --add-opens=java.base/java.util=ALL-UNNAMED --add-opens=java.base/java.lang=ALL-UNNAMED --add-opens=java.base/java.lang.invoke=ALL-UNNAMED --add-opens=java.base/java.util=ALL-UNNAMED --add-opens=java.prefs/java.util.prefs=ALL-UNNAMED --add-opens=java.prefs/java.util.prefs=ALL-UNNAMED --add-opens=java.base/java.nio.charset=ALL-UNNAMED --add-opens=java.base/java.net=ALL-UNNAMED --add-opens=java.base/java.util.concurrent.atomic=ALL-UNNAMED -Xmx2048m -Dfile.encoding=UTF-8 -Duser.country=KR -Duser.language=ko -Duser.variant 
java_command: org.gradle.launcher.daemon.bootstrap.GradleDaemon 7.0.2
java_class_path (initial): C:\Users\96jos\.gradle\wrapper\dists\gradle-7.0.2-bin\857tjihv64xamwrf0h14cai3r\gradle-7.0.2\lib\gradle-launcher-7.0.2.jar
Launcher Type: SUN_STANDARD

[Global flags]
     intx CICompilerCount                          = 4                                         {product} {ergonomic}
     uint ConcGCThreads                            = 3                                         {product} {ergonomic}
     uint G1ConcRefinementThreads                  = 10                                        {product} {ergonomic}
   size_t G1HeapRegionSize                         = 1048576                                   {product} {ergonomic}
    uintx GCDrainStackTargetSize                   = 64                                        {product} {ergonomic}
   size_t InitialHeapSize                          = 268435456                                 {product} {ergonomic}
   size_t MarkStackSize                            = 4194304                                   {product} {ergonomic}
   size_t MaxHeapSize                              = 2147483648                                {product} {command line}
   size_t MaxNewSize                               = 1287651328                                {product} {ergonomic}
   size_t MinHeapDeltaBytes                        = 1048576                                   {product} {ergonomic}
    uintx NonNMethodCodeHeapSize                   = 5836300                                {pd product} {ergonomic}
    uintx NonProfiledCodeHeapSize                  = 122910970                              {pd product} {ergonomic}
    uintx ProfiledCodeHeapSize                     = 122910970                              {pd product} {ergonomic}
    uintx ReservedCodeCacheSize                    = 251658240                              {pd product} {ergonomic}
     bool SegmentedCodeCache                       = true                                      {product} {ergonomic}
     bool UseCompressedClassPointers               = true                                 {lp64_product} {ergonomic}
     bool UseCompressedOops                        = true                                 {lp64_product} {ergonomic}
     bool UseG1GC                                  = true                                      {product} {ergonomic}
     bool UseLargePagesIndividualAllocation        = false                                  {pd product} {ergonomic}

Logging:
Log output configuration:
 #0: stdout all=warning uptime,level,tags
 #1: stderr all=off uptime,level,tags

Environment Variables:
JAVA_HOME=C:\Program Files\Java\jdk-12
PATH=C:\Program Files (x86)\Common Files\Intel\Shared Libraries\redist\intel64\compiler;C:\WINDOWS\system32;C:\WINDOWS;C:\WINDOWS\System32\Wbem;C:\WINDOWS\System32\WindowsPowerShell\v1.0\;C:\WINDOWS\System32\OpenSSH\;C:\Program Files\nodejs\;C:\Program Files\Git\cmd;C:\Program Files (x86)\PuTTY\;C:\Program Files\NVIDIA Corporation\NVIDIA NvDLISR;C:\Program Files (x86)\NVIDIA Corporation\PhysX\Common;C:\Program Files\MySQL\MySQL Server 8.0\bin;C:\Program Files\MySQL\MySQL Shell 8.0\bin\;C:\Users\96jos\AppData\Local\Programs\Python\Python39\Scripts\;C:\Users\96jos\AppData\Local\Programs\Python\Python39\;C:\Users\96jos\AppData\Local\Microsoft\WindowsApps;C:\Program Files\Java\jdk-12\bin;C:\Users\96jos\AppData\Local\atom\bin;C:\Users\96jos\AppData\Roaming\npm;C:\Users\96jos\AppData\Local\Programs\Microsoft VS Code\bin;C:\Users\96jos\AppData\Local\gitkraken\bin;C:\Users\96jos\AppData\Local\afreeca
USERNAME=96jos
OS=Windows_NT
PROCESSOR_IDENTIFIER=AMD64 Family 25 Model 33 Stepping 0, AuthenticAMD



---------------  S Y S T E M  ---------------

OS: Windows 10 , 64 bit Build 19041 (10.0.19041.1202)
OS uptime: 3 days 13:25 hours

CPU:total 12 (initial active 12) (12 cores per cpu, 2 threads per core) family 25 model 33 stepping 0 microcode 0x0, cmov, cx8, fxsr, mmx, sse, sse2, sse3, ssse3, sse4.1, sse4.2, popcnt, avx, avx2, aes, clmul, erms, mmxext, 3dnowpref, lzcnt, sse4a, ht, tsc, tscinvbit, tscinv, bmi1, bmi2,

Memory: 4k page, system-wide physical 16297M (6132M free)
TotalPageFile size 22441M (AvailPageFile size 5758M)
current process WorkingSet (physical memory assigned to process): 698M, peak: 698M
current process commit charge ("private bytes"): 746M, peak: 757M

vm_info: OpenJDK 64-Bit Server VM (11.0.11+9-b60-7590822) for windows-amd64 JRE (11.0.11+9-b60-7590822), built on Jul 29 2021 21:43:44 by "builder" with MS VC++ 14.0 (VS2015)

END.
